2026-04-16 04:33:30 | INFO | CI | === RUN START ===
2026-04-16 04:33:30 | INFO | CI | project=Module 6: EVTAL PIPELINE - WEB DOCUMENTS (HTML)
2026-04-16 04:33:30 | INFO | CI | repo_dir=nlp-06-nlp-pipeline
2026-04-16 04:33:30 | INFO | CI | python=3.14.2
2026-04-16 04:33:30 | INFO | CI | os=Windows 11
2026-04-16 04:33:30 | INFO | CI | shell=powershell
2026-04-16 04:33:30 | INFO | CI | cwd=.
2026-04-16 04:33:30 | INFO | CI | github_actions=False
2026-04-16 04:33:30 | INFO | CI | START PIPELINE
2026-04-16 04:33:30 | INFO | CI | ROOT_PATH = .
2026-04-16 04:33:30 | INFO | CI | DATA_PATH = data
2026-04-16 04:33:30 | INFO | CI | RAW_PATH = data\raw
2026-04-16 04:33:30 | INFO | CI | PROCESSED_PATH = data\processed
2026-04-16 04:33:30 | INFO | CI | ========================
2026-04-16 04:33:30 | INFO | CI | STAGE 01: EXTRACT starting... 
2026-04-16 04:33:30 | INFO | CI | ========================
2026-04-16 04:33:30 | INFO | CI | EXTRACT: Fetching HTML from https://arxiv.org/abs/2602.20021
2026-04-16 04:33:31 | INFO | CI | SOURCE URL = https://arxiv.org/abs/2602.20021
2026-04-16 04:33:31 | INFO | CI | SINK PATH = data\raw\case_raw.html
2026-04-16 04:33:31 | INFO | CI | ========================
2026-04-16 04:33:31 | INFO | CI | STAGE 02: VALIDATE starting...
2026-04-16 04:33:31 | INFO | CI | ========================
2026-04-16 04:33:31 | INFO | CI | HTML STRUCTURE INSPECTION:
2026-04-16 04:33:31 | INFO | CI | Top-level type: BeautifulSoup
2026-04-16 04:33:31 | INFO | CI | Top-level elements: ['html']
2026-04-16 04:33:31 | INFO | CI | VALIDATE: Title found: True
2026-04-16 04:33:31 | INFO | CI | VALIDATE: Authors found: True
2026-04-16 04:33:31 | INFO | CI | VALIDATE: Abstract found: True
2026-04-16 04:33:31 | INFO | CI | VALIDATE: Subjects found: True
2026-04-16 04:33:31 | INFO | CI | VALIDATE: Dateline found: True
2026-04-16 04:33:31 | INFO | CI | VALIDATE: HTML structure is valid.
2026-04-16 04:33:31 | INFO | CI | Sink: validated BeautifulSoup object
2026-04-16 04:33:31 | INFO | CI | ========================
2026-04-16 04:33:31 | INFO | CI | STAGE 03: TRANSFORM starting...
2026-04-16 04:33:31 | INFO | CI | ========================
2026-04-16 04:33:31 | INFO | CI | Extracting metadata from HTML
2026-04-16 04:33:31 | INFO | CI | We must manually inspect the HTML structure to identify the fields we want to extract.
2026-04-16 04:33:31 | INFO | CI | For this arXiv page, we can extract:
- Title from <h1 class='title'>
- Authors from <div class='authors'>
- Abstract from <blockquote class='abstract'>
- Primary subject from <div class='subheader'>
- Submission date from <div class='dateline'>
- ArXiv ID from canonical link
2026-04-16 04:33:31 | INFO | CI | Replace any missing content with `unknown` to ensure all are strings.
2026-04-16 04:33:31 | INFO | CI | ========================
2026-04-16 04:33:31 | INFO | CI | PHASE 3.1: Extract raw fields from HTML
2026-04-16 04:33:31 | INFO | CI | ========================
2026-04-16 04:33:31 | INFO | CI | Inspect: does the raw data look right?
2026-04-16 04:33:31 | INFO | CI | Look at the logged output. Does anything look surprising?
2026-04-16 04:33:31 | INFO | CI | That is the first signal that cleaning is needed.
2026-04-16 04:33:31 | INFO | CI | ========================
2026-04-16 04:33:31 | INFO | CI | ------------------------
2026-04-16 04:33:31 | INFO | CI | Project specific: Extract title, authors, abstract
2026-04-16 04:33:31 | INFO | CI | ------------------------
2026-04-16 04:33:31 | INFO | CI | Extracted title: Agents of Chaos
2026-04-16 04:33:31 | INFO | CI | Extracted authors: Natalie Shapira, Chris Wendler, Avery Yen, Gabriele Sarti, Koyena Pal, Olivia Floody, Adam Belfki, Alex Loftus, Aditya Ratan Jannali, Nikhil Prakash, Jasmine Cui, Giordano Rogers, Jannik Brinkmann, Can Rager, Amir Zur, Michael Ripa, Aruna Sankaranarayanan, David Atkinson, Rohit Gandikota, Jaden Fiotto-Kaufman, EunJeong Hwang, Hadas Orgad, P Sam Sahil, Negev Taglicht, Tomer Shabtay, Atai Ambus, Nitay Alon, Shiri Oron, Ayelet Gordon-Tapiero, Yotam Kaplan, Vered Shwartz, Tamar Rott Shaham, Christoph Riedl, Reuth Mirsky, Maarten Sap, David Manheim, Tomer Ullman, David Bau
2026-04-16 04:33:31 | INFO | CI | Extracted abstract: We report an exploratory red-teaming study of autonomous language-model-powered agents deployed in a...
2026-04-16 04:33:31 | INFO | CI | ------------------------
2026-04-16 04:33:31 | INFO | CI | Project specific: Extract subjects from subheader
2026-04-16 04:33:31 | INFO | CI | ------------------------
2026-04-16 04:33:31 | INFO | CI | Extracted subjects: Computer Science > Artificial Intelligence
2026-04-16 04:33:31 | INFO | CI | ------------------------
2026-04-16 04:33:31 | INFO | CI | Project specific: Extract submission date from dateline
2026-04-16 04:33:31 | INFO | CI | ------------------------
2026-04-16 04:33:31 | INFO | CI | Extracted submission date: [Submitted on 23 Feb 2026]
2026-04-16 04:33:31 | INFO | CI | ------------------------
2026-04-16 04:33:31 | INFO | CI | Project specific: Extract arxiv_id from canonical link
2026-04-16 04:33:31 | INFO | CI | ------------------------
2026-04-16 04:33:31 | INFO | CI | Extracted arxiv_id: 2602.20021
2026-04-16 04:33:31 | INFO | CI | ========================
2026-04-16 04:33:31 | INFO | CI | PHASE 3.2: Clean and normalize text fields
2026-04-16 04:33:31 | INFO | CI | ========================
2026-04-16 04:33:31 | INFO | CI | Inspect: compare abstract_raw to abstract_clean in the log.
2026-04-16 04:33:31 | INFO | CI | Did we remove anything we should have kept?
2026-04-16 04:33:31 | INFO | CI | Is there still noise that cleaning missed?
2026-04-16 04:33:31 | INFO | CI | ========================
2026-04-16 04:33:31 | INFO | CI |   abstract (raw):   We report an exploratory red-teaming study of autonomous language-model-powered agents deployed in a live laboratory env...
2026-04-16 04:33:31 | INFO | CI |   abstract (clean): report exploratory redteaming study autonomous languagemodelpowered agents deployed live laboratory environment persiste...
2026-04-16 04:33:31 | INFO | CI |   characters removed: 284 (19.7%)
2026-04-16 04:33:31 | INFO | CI | ========================
2026-04-16 04:33:31 | INFO | CI | PHASE 3.3: Engineer derived features
2026-04-16 04:33:31 | INFO | CI | ========================
2026-04-16 04:33:31 | INFO | CI | Inspect: do these derived fields look meaningful?
2026-04-16 04:33:31 | INFO | CI | Would any additional features help the analysis?
2026-04-16 04:33:31 | INFO | CI | ========================
2026-04-16 04:33:31 | INFO | CI |   abstract_word_count: 177
2026-04-16 04:33:31 | INFO | CI |   author_count:        38
2026-04-16 04:33:31 | INFO | CI |   token_count:         121
2026-04-16 04:33:31 | INFO | CI |   unique_token_count:  111
2026-04-16 04:33:31 | INFO | CI |   type_token_ratio:    0.9174
2026-04-16 04:33:31 | INFO | CI |   top 10 tokens:       ['report', 'exploratory', 'redteaming', 'study', 'autonomous', 'languagemodelpowered', 'agents', 'deployed', 'live', 'laboratory']
2026-04-16 04:33:31 | INFO | CI | ========================
2026-04-16 04:33:31 | INFO | CI | PHASE 3.4: Build record and create DataFrame
2026-04-16 04:33:31 | INFO | CI | ========================
2026-04-16 04:33:31 | INFO | CI | Created DataFrame with 1 row and 13 columns
2026-04-16 04:33:31 | INFO | CI | Columns: ['arxiv_id', 'title', 'authors', 'subjects', 'submitted', 'abstract_raw', 'abstract_clean', 'tokens', 'abstract_word_count', 'token_count', 'unique_token_count', 'type_token_ratio', 'author_count']
2026-04-16 04:33:31 | INFO | CI | DataFrame Details
2026-04-16 04:33:31 | INFO | CI |   Title: Agents of Chaos
2026-04-16 04:33:31 | INFO | CI |   Author count: 38
2026-04-16 04:33:31 | INFO | CI |   Abstract word count: 177
2026-04-16 04:33:31 | INFO | CI |   Token count (clean): 121
2026-04-16 04:33:31 | INFO | CI |   Type-token ratio: 0.9174
2026-04-16 04:33:31 | INFO | CI |   DF preview:
     arxiv_id            title  token_count  type_token_ratio  author_count
0  2602.20021  Agents of Chaos          121            0.9174            38
2026-04-16 04:33:31 | INFO | CI | Sink: Pandas DataFrame created
2026-04-16 04:33:31 | INFO | CI | Transformation complete.
2026-04-16 04:33:31 | INFO | CI | ========================
2026-04-16 04:33:31 | INFO | CI | STAGE 04: ANALYZE starting...
2026-04-16 04:33:31 | INFO | CI | ========================
2026-04-16 04:33:31 | INFO | CI | ========================
2026-04-16 04:33:31 | INFO | CI | PHASE 4.1: Extract tokens and summary statistics
2026-04-16 04:33:31 | INFO | CI | ========================
2026-04-16 04:33:31 | INFO | CI |   Paper: Agents of Chaos
2026-04-16 04:33:31 | INFO | CI |   Abstract word count (raw):    177
2026-04-16 04:33:31 | INFO | CI |   Token count (clean):          121
2026-04-16 04:33:31 | INFO | CI |   Unique token count:           111
2026-04-16 04:33:31 | INFO | CI |   Type-token ratio:             0.9174
2026-04-16 04:33:31 | INFO | CI |   Author count:                 38
2026-04-16 04:33:31 | INFO | CI | ========================
2026-04-16 04:33:31 | INFO | CI | PHASE 4.2: Top 20 token frequency - bar chart
2026-04-16 04:33:31 | INFO | CI | ========================
2026-04-16 04:33:32 | INFO | CI |   Saved bar chart to data\processed\case_top_tokens.png
2026-04-16 04:33:32 | INFO | CI | ========================
2026-04-16 04:33:32 | INFO | CI | PHASE 4.3: Word cloud
2026-04-16 04:33:32 | INFO | CI | ========================
2026-04-16 04:33:33 | INFO | CI |   Saved word cloud to data\processed\case_wordcloud.png
2026-04-16 04:33:33 | INFO | CI | ========================
2026-04-16 04:33:33 | INFO | CI | PHASE 4.4: Top token summary (inline)
2026-04-16 04:33:33 | INFO | CI | ========================
2026-04-16 04:33:33 | INFO | CI |   Top 20 tokens by frequency:
2026-04-16 04:33:33 | INFO | CI |       1. report                         3
2026-04-16 04:33:33 | INFO | CI |       2. agents                         3
2026-04-16 04:33:33 | INFO | CI |       3. execution                      2
2026-04-16 04:33:33 | INFO | CI |       4. researchers                    2
2026-04-16 04:33:33 | INFO | CI |       5. conditions                     2
2026-04-16 04:33:33 | INFO | CI |       6. behaviors                      2
2026-04-16 04:33:33 | INFO | CI |       7. vulnerabilities                2
2026-04-16 04:33:33 | INFO | CI |       8. system                         2
2026-04-16 04:33:33 | INFO | CI |       9. exploratory                    1
2026-04-16 04:33:33 | INFO | CI |      10. redteaming                     1
2026-04-16 04:33:33 | INFO | CI |      11. study                          1
2026-04-16 04:33:33 | INFO | CI |      12. autonomous                     1
2026-04-16 04:33:33 | INFO | CI |      13. languagemodelpowered           1
2026-04-16 04:33:33 | INFO | CI |      14. deployed                       1
2026-04-16 04:33:33 | INFO | CI |      15. live                           1
2026-04-16 04:33:33 | INFO | CI |      16. laboratory                     1
2026-04-16 04:33:33 | INFO | CI |      17. environment                    1
2026-04-16 04:33:33 | INFO | CI |      18. persistent                     1
2026-04-16 04:33:33 | INFO | CI |      19. memory                         1
2026-04-16 04:33:33 | INFO | CI |      20. email                          1
2026-04-16 04:33:33 | INFO | CI | Sink: visualizations saved to data/processed/
2026-04-16 04:33:33 | INFO | CI | Analysis complete.
2026-04-16 04:33:33 | INFO | CI | ========================
2026-04-16 04:33:33 | INFO | CI | STAGE 04: LOAD starting...
2026-04-16 04:33:33 | INFO | CI | ========================
2026-04-16 04:33:33 | INFO | CI | SINK PATH = data\processed\case_processed.csv
2026-04-16 04:33:33 | INFO | CI | ========================
2026-04-16 04:33:33 | INFO | CI | Pipeline executed successfully!
2026-04-16 04:33:33 | INFO | CI | ========================
2026-04-19 15:28:34 | INFO | CI | === RUN START ===
2026-04-19 15:28:34 | INFO | CI | project=Module 6: EVTAL PIPELINE - WEB DOCUMENTS (HTML)
2026-04-19 15:28:34 | INFO | CI | repo_dir=nlp-06-nlp-pipeline
2026-04-19 15:28:34 | INFO | CI | python=3.14.2
2026-04-19 15:28:34 | INFO | CI | os=Windows 11
2026-04-19 15:28:34 | INFO | CI | shell=powershell
2026-04-19 15:28:34 | INFO | CI | cwd=.
2026-04-19 15:28:34 | INFO | CI | github_actions=False
2026-04-19 15:28:34 | INFO | CI | START PIPELINE
2026-04-19 15:28:34 | INFO | CI | ROOT_PATH = .
2026-04-19 15:28:34 | INFO | CI | DATA_PATH = data
2026-04-19 15:28:34 | INFO | CI | RAW_PATH = data\raw
2026-04-19 15:28:34 | INFO | CI | PROCESSED_PATH = data\processed
2026-04-19 15:28:34 | INFO | CI | ========================
2026-04-19 15:28:34 | INFO | CI | STAGE 01: EXTRACT starting... 
2026-04-19 15:28:34 | INFO | CI | ========================
2026-04-19 15:28:34 | INFO | CI | EXTRACT: Fetching HTML from https://arxiv.org/abs/1706.03762
2026-04-19 15:28:34 | INFO | CI | SOURCE URL = https://arxiv.org/abs/1706.03762
2026-04-19 15:28:34 | INFO | CI | SINK PATH = data\raw\reed_raw.html
2026-04-19 15:28:34 | INFO | CI | ========================
2026-04-19 15:28:34 | INFO | CI | STAGE 02: VALIDATE starting...
2026-04-19 15:28:34 | INFO | CI | ========================
2026-04-19 15:28:34 | INFO | CI | HTML STRUCTURE INSPECTION:
2026-04-19 15:28:34 | INFO | CI | Top-level type: BeautifulSoup
2026-04-19 15:28:34 | INFO | CI | Top-level elements: ['html']
2026-04-19 15:28:34 | INFO | CI | VALIDATE: Title found: True
2026-04-19 15:28:34 | INFO | CI | VALIDATE: Authors found: True
2026-04-19 15:28:34 | INFO | CI | VALIDATE: Abstract found: True
2026-04-19 15:28:34 | INFO | CI | VALIDATE: Subjects found: True
2026-04-19 15:28:34 | INFO | CI | VALIDATE: Dateline found: True
2026-04-19 15:28:34 | INFO | CI | VALIDATE: HTML structure is valid.
2026-04-19 15:28:34 | INFO | CI | Sink: validated BeautifulSoup object
2026-04-19 15:28:34 | INFO | CI | ========================
2026-04-19 15:28:34 | INFO | CI | STAGE 03: TRANSFORM starting...
2026-04-19 15:28:34 | INFO | CI | ========================
2026-04-19 15:28:34 | INFO | CI | Extracting metadata from HTML
2026-04-19 15:28:34 | INFO | CI | We must manually inspect the HTML structure to identify the fields we want to extract.
2026-04-19 15:28:34 | INFO | CI | For this arXiv page, we can extract:
- Title from <h1 class='title'>
- Authors from <div class='authors'>
- Abstract from <blockquote class='abstract'>
- Primary subject from <div class='subheader'>
- Submission date from <div class='dateline'>
- ArXiv ID from canonical link
2026-04-19 15:28:34 | INFO | CI | Replace any missing content with `unknown` to ensure all are strings.
2026-04-19 15:28:34 | INFO | CI | ========================
2026-04-19 15:28:34 | INFO | CI | PHASE 3.1: Extract raw fields from HTML
2026-04-19 15:28:34 | INFO | CI | ========================
2026-04-19 15:28:34 | INFO | CI | Inspect: does the raw data look right?
2026-04-19 15:28:34 | INFO | CI | Look at the logged output. Does anything look surprising?
2026-04-19 15:28:34 | INFO | CI | That is the first signal that cleaning is needed.
2026-04-19 15:28:34 | INFO | CI | ========================
2026-04-19 15:28:34 | INFO | CI | ------------------------
2026-04-19 15:28:34 | INFO | CI | Project specific: Extract title, authors, abstract
2026-04-19 15:28:34 | INFO | CI | ------------------------
2026-04-19 15:28:34 | INFO | CI | Extracted title: Attention Is All You Need
2026-04-19 15:28:34 | INFO | CI | Extracted authors: Ashish Vaswani, Noam Shazeer, Niki Parmar, Jakob Uszkoreit, Llion Jones, Aidan N. Gomez, Lukasz Kaiser, Illia Polosukhin
2026-04-19 15:28:34 | INFO | CI | Extracted abstract: The dominant sequence transduction models are based on complex recurrent or convolutional neural net...
2026-04-19 15:28:34 | INFO | CI | ------------------------
2026-04-19 15:28:34 | INFO | CI | Project specific: Extract subjects from subheader
2026-04-19 15:28:34 | INFO | CI | ------------------------
2026-04-19 15:28:34 | INFO | CI | Extracted subjects: Computer Science > Computation and Language
2026-04-19 15:28:34 | INFO | CI | ------------------------
2026-04-19 15:28:34 | INFO | CI | Project specific: Extract submission date from dateline
2026-04-19 15:28:34 | INFO | CI | ------------------------
2026-04-19 15:28:34 | INFO | CI | Extracted submission date: [Submitted on 12 Jun 2017 (v1), last revised 2 Aug 2023 (this version, v7)]
2026-04-19 15:28:34 | INFO | CI | ------------------------
2026-04-19 15:28:34 | INFO | CI | Project specific: Extract arxiv_id from canonical link
2026-04-19 15:28:34 | INFO | CI | ------------------------
2026-04-19 15:28:34 | INFO | CI | Extracted arxiv_id: 1706.03762
2026-04-19 15:28:34 | INFO | CI | ========================
2026-04-19 15:28:34 | INFO | CI | PHASE 3.2: Clean and normalize text fields
2026-04-19 15:28:34 | INFO | CI | ========================
2026-04-19 15:28:34 | INFO | CI | Inspect: compare abstract_raw to abstract_clean in the log.
2026-04-19 15:28:34 | INFO | CI | Did we remove anything we should have kept?
2026-04-19 15:28:34 | INFO | CI | Is there still noise that cleaning missed?
2026-04-19 15:28:34 | INFO | CI | ========================
2026-04-19 15:28:34 | INFO | CI |   abstract (raw):   The dominant sequence transduction models are based on complex recurrent or convolutional neural networks in an encoder-...
2026-04-19 15:28:34 | INFO | CI |   abstract (clean): dominant sequence transduction models based complex recurrent convolutional neural networks encoderdecoder configuration...
2026-04-19 15:28:34 | INFO | CI |   characters removed: 293 (25.8%)
2026-04-19 15:28:34 | INFO | CI | ========================
2026-04-19 15:28:34 | INFO | CI | PHASE 3.3: Engineer derived features
2026-04-19 15:28:34 | INFO | CI | ========================
2026-04-19 15:28:34 | INFO | CI | Inspect: do these derived fields look meaningful?
2026-04-19 15:28:34 | INFO | CI | Would any additional features help the analysis?
2026-04-19 15:28:34 | INFO | CI | ========================
2026-04-19 15:28:34 | INFO | CI |   abstract_word_count: 166
2026-04-19 15:28:34 | INFO | CI |   author_count:        8
2026-04-19 15:28:34 | INFO | CI |   token_count:         99
2026-04-19 15:28:34 | INFO | CI |   unique_token_count:  79
2026-04-19 15:28:34 | INFO | CI |   type_token_ratio:    0.798
2026-04-19 15:28:34 | INFO | CI |   top 10 tokens:       ['dominant', 'sequence', 'transduction', 'models', 'based', 'complex', 'recurrent', 'convolutional', 'neural', 'networks']
2026-04-19 15:28:34 | INFO | CI | ========================
2026-04-19 15:28:34 | INFO | CI | PHASE 3.4: Build record and create DataFrame
2026-04-19 15:28:34 | INFO | CI | ========================
2026-04-19 15:28:34 | INFO | CI | Created DataFrame with 1 row and 13 columns
2026-04-19 15:28:34 | INFO | CI | Columns: ['arxiv_id', 'title', 'authors', 'subjects', 'submitted', 'abstract_raw', 'abstract_clean', 'tokens', 'abstract_word_count', 'token_count', 'unique_token_count', 'type_token_ratio', 'author_count']
2026-04-19 15:28:34 | INFO | CI | DataFrame Details
2026-04-19 15:28:34 | INFO | CI |   Title: Attention Is All You Need
2026-04-19 15:28:34 | INFO | CI |   Author count: 8
2026-04-19 15:28:34 | INFO | CI |   Abstract word count: 166
2026-04-19 15:28:34 | INFO | CI |   Token count (clean): 99
2026-04-19 15:28:34 | INFO | CI |   Type-token ratio: 0.798
2026-04-19 15:28:34 | INFO | CI |   DF preview:
     arxiv_id                      title  token_count  type_token_ratio  author_count
0  1706.03762  Attention Is All You Need           99             0.798             8
2026-04-19 15:28:34 | INFO | CI | Sink: Pandas DataFrame created
2026-04-19 15:28:34 | INFO | CI | Transformation complete.
2026-04-19 15:28:34 | INFO | CI | ========================
2026-04-19 15:28:34 | INFO | CI | STAGE 04: ANALYZE starting...
2026-04-19 15:28:34 | INFO | CI | ========================
2026-04-19 15:28:34 | INFO | CI | ========================
2026-04-19 15:28:34 | INFO | CI | PHASE 4.1: Extract tokens and summary statistics
2026-04-19 15:28:34 | INFO | CI | ========================
2026-04-19 15:28:34 | INFO | CI |   Paper: Attention Is All You Need
2026-04-19 15:28:34 | INFO | CI |   Abstract word count (raw):    166
2026-04-19 15:28:34 | INFO | CI |   Token count (clean):          99
2026-04-19 15:28:34 | INFO | CI |   Unique token count:           79
2026-04-19 15:28:34 | INFO | CI |   Type-token ratio:             0.798
2026-04-19 15:28:34 | INFO | CI |   Author count:                 8
2026-04-19 15:28:34 | INFO | CI | ========================
2026-04-19 15:28:34 | INFO | CI | PHASE 4.2: Top 20 token frequency - bar chart
2026-04-19 15:28:34 | INFO | CI | ========================
2026-04-19 15:28:35 | INFO | CI |   Saved bar chart to data\processed\case_top_tokens.png
2026-04-19 15:28:35 | INFO | CI | ========================
2026-04-19 15:28:35 | INFO | CI | PHASE 4.3: Word cloud
2026-04-19 15:28:35 | INFO | CI | ========================
2026-04-19 15:28:36 | INFO | CI |   Saved word cloud to data\processed\case_wordcloud.png
2026-04-19 15:28:36 | INFO | CI | ========================
2026-04-19 15:28:36 | INFO | CI | PHASE 4.4: Top token summary (inline)
2026-04-19 15:28:36 | INFO | CI | ========================
2026-04-19 15:28:36 | INFO | CI |   Top 20 tokens by frequency:
2026-04-19 15:28:36 | INFO | CI |       1. models                         4
2026-04-19 15:28:36 | INFO | CI |       2. best                           3
2026-04-19 15:28:36 | INFO | CI |       3. translation                    3
2026-04-19 15:28:36 | INFO | CI |       4. bleu                           3
2026-04-19 15:28:36 | INFO | CI |       5. training                       3
2026-04-19 15:28:36 | INFO | CI |       6. based                          2
2026-04-19 15:28:36 | INFO | CI |       7. attention                      2
2026-04-19 15:28:36 | INFO | CI |       8. new                            2
2026-04-19 15:28:36 | INFO | CI |       9. transformer                    2
2026-04-19 15:28:36 | INFO | CI |      10. tasks                          2
2026-04-19 15:28:36 | INFO | CI |      11. model                          2
2026-04-19 15:28:36 | INFO | CI |      12. wmt                            2
2026-04-19 15:28:36 | INFO | CI |      13. 2014                           2
2026-04-19 15:28:36 | INFO | CI |      14. task                           2
2026-04-19 15:28:36 | INFO | CI |      15. dominant                       1
2026-04-19 15:28:36 | INFO | CI |      16. sequence                       1
2026-04-19 15:28:36 | INFO | CI |      17. transduction                   1
2026-04-19 15:28:36 | INFO | CI |      18. complex                        1
2026-04-19 15:28:36 | INFO | CI |      19. recurrent                      1
2026-04-19 15:28:36 | INFO | CI |      20. convolutional                  1
2026-04-19 15:28:36 | INFO | CI | Sink: visualizations saved to data/processed/
2026-04-19 15:28:36 | INFO | CI | Analysis complete.
2026-04-19 15:28:36 | INFO | CI | ========================
2026-04-19 15:28:36 | INFO | CI | STAGE 04: LOAD starting...
2026-04-19 15:28:36 | INFO | CI | ========================
2026-04-19 15:28:36 | INFO | CI | SINK PATH = data\processed\reed_processed.csv
2026-04-19 15:28:36 | INFO | CI | ========================
2026-04-19 15:28:36 | INFO | CI | Pipeline executed successfully!
2026-04-19 15:28:36 | INFO | CI | ========================
2026-04-19 15:30:27 | INFO | CI | === RUN START ===
2026-04-19 15:30:27 | INFO | CI | project=Module 6: EVTAL PIPELINE - WEB DOCUMENTS (HTML)
2026-04-19 15:30:27 | INFO | CI | repo_dir=nlp-06-nlp-pipeline
2026-04-19 15:30:27 | INFO | CI | python=3.14.2
2026-04-19 15:30:27 | INFO | CI | os=Windows 11
2026-04-19 15:30:27 | INFO | CI | shell=powershell
2026-04-19 15:30:27 | INFO | CI | cwd=.
2026-04-19 15:30:27 | INFO | CI | github_actions=False
2026-04-19 15:30:27 | INFO | CI | START PIPELINE
2026-04-19 15:30:27 | INFO | CI | ROOT_PATH = .
2026-04-19 15:30:27 | INFO | CI | DATA_PATH = data
2026-04-19 15:30:27 | INFO | CI | RAW_PATH = data\raw
2026-04-19 15:30:27 | INFO | CI | PROCESSED_PATH = data\processed
2026-04-19 15:30:27 | INFO | CI | ========================
2026-04-19 15:30:27 | INFO | CI | STAGE 01: EXTRACT starting... 
2026-04-19 15:30:27 | INFO | CI | ========================
2026-04-19 15:30:27 | INFO | CI | EXTRACT: Fetching HTML from https://arxiv.org/abs/1706.03762
2026-04-19 15:30:27 | INFO | CI | SOURCE URL = https://arxiv.org/abs/1706.03762
2026-04-19 15:30:27 | INFO | CI | SINK PATH = data\raw\reed_raw.html
2026-04-19 15:30:27 | INFO | CI | ========================
2026-04-19 15:30:27 | INFO | CI | STAGE 02: VALIDATE starting...
2026-04-19 15:30:27 | INFO | CI | ========================
2026-04-19 15:30:27 | INFO | CI | HTML STRUCTURE INSPECTION:
2026-04-19 15:30:27 | INFO | CI | Top-level type: BeautifulSoup
2026-04-19 15:30:27 | INFO | CI | Top-level elements: ['html']
2026-04-19 15:30:27 | INFO | CI | VALIDATE: Title found: True
2026-04-19 15:30:27 | INFO | CI | VALIDATE: Authors found: True
2026-04-19 15:30:27 | INFO | CI | VALIDATE: Abstract found: True
2026-04-19 15:30:27 | INFO | CI | VALIDATE: Subjects found: True
2026-04-19 15:30:27 | INFO | CI | VALIDATE: Dateline found: True
2026-04-19 15:30:27 | INFO | CI | VALIDATE: HTML structure is valid.
2026-04-19 15:30:27 | INFO | CI | Sink: validated BeautifulSoup object
2026-04-19 15:30:27 | INFO | CI | ========================
2026-04-19 15:30:27 | INFO | CI | STAGE 03: TRANSFORM starting...
2026-04-19 15:30:27 | INFO | CI | ========================
2026-04-19 15:30:27 | INFO | CI | Extracting metadata from HTML
2026-04-19 15:30:27 | INFO | CI | We must manually inspect the HTML structure to identify the fields we want to extract.
2026-04-19 15:30:27 | INFO | CI | For this arXiv page, we can extract:
- Title from <h1 class='title'>
- Authors from <div class='authors'>
- Abstract from <blockquote class='abstract'>
- Primary subject from <div class='subheader'>
- Submission date from <div class='dateline'>
- ArXiv ID from canonical link
2026-04-19 15:30:27 | INFO | CI | Replace any missing content with `unknown` to ensure all are strings.
2026-04-19 15:30:27 | INFO | CI | ========================
2026-04-19 15:30:27 | INFO | CI | PHASE 3.1: Extract raw fields from HTML
2026-04-19 15:30:27 | INFO | CI | ========================
2026-04-19 15:30:27 | INFO | CI | Inspect: does the raw data look right?
2026-04-19 15:30:27 | INFO | CI | Look at the logged output. Does anything look surprising?
2026-04-19 15:30:27 | INFO | CI | That is the first signal that cleaning is needed.
2026-04-19 15:30:27 | INFO | CI | ========================
2026-04-19 15:30:27 | INFO | CI | ------------------------
2026-04-19 15:30:27 | INFO | CI | Project specific: Extract title, authors, abstract
2026-04-19 15:30:27 | INFO | CI | ------------------------
2026-04-19 15:30:27 | INFO | CI | Extracted title: Attention Is All You Need
2026-04-19 15:30:27 | INFO | CI | Extracted authors: Ashish Vaswani, Noam Shazeer, Niki Parmar, Jakob Uszkoreit, Llion Jones, Aidan N. Gomez, Lukasz Kaiser, Illia Polosukhin
2026-04-19 15:30:27 | INFO | CI | Extracted abstract: The dominant sequence transduction models are based on complex recurrent or convolutional neural net...
2026-04-19 15:30:27 | INFO | CI | ------------------------
2026-04-19 15:30:27 | INFO | CI | Project specific: Extract subjects from subheader
2026-04-19 15:30:27 | INFO | CI | ------------------------
2026-04-19 15:30:27 | INFO | CI | Extracted subjects: Computer Science > Computation and Language
2026-04-19 15:30:27 | INFO | CI | ------------------------
2026-04-19 15:30:27 | INFO | CI | Project specific: Extract submission date from dateline
2026-04-19 15:30:27 | INFO | CI | ------------------------
2026-04-19 15:30:27 | INFO | CI | Extracted submission date: [Submitted on 12 Jun 2017 (v1), last revised 2 Aug 2023 (this version, v7)]
2026-04-19 15:30:27 | INFO | CI | ------------------------
2026-04-19 15:30:27 | INFO | CI | Project specific: Extract arxiv_id from canonical link
2026-04-19 15:30:27 | INFO | CI | ------------------------
2026-04-19 15:30:27 | INFO | CI | Extracted arxiv_id: 1706.03762
2026-04-19 15:30:27 | INFO | CI | ========================
2026-04-19 15:30:27 | INFO | CI | PHASE 3.2: Clean and normalize text fields
2026-04-19 15:30:27 | INFO | CI | ========================
2026-04-19 15:30:27 | INFO | CI | Inspect: compare abstract_raw to abstract_clean in the log.
2026-04-19 15:30:27 | INFO | CI | Did we remove anything we should have kept?
2026-04-19 15:30:27 | INFO | CI | Is there still noise that cleaning missed?
2026-04-19 15:30:27 | INFO | CI | ========================
2026-04-19 15:30:27 | INFO | CI |   abstract (raw):   The dominant sequence transduction models are based on complex recurrent or convolutional neural networks in an encoder-...
2026-04-19 15:30:27 | INFO | CI |   abstract (clean): dominant sequence transduction models based complex recurrent convolutional neural networks encoderdecoder configuration...
2026-04-19 15:30:27 | INFO | CI |   characters removed: 293 (25.8%)
2026-04-19 15:30:27 | INFO | CI | ========================
2026-04-19 15:30:27 | INFO | CI | PHASE 3.3: Engineer derived features
2026-04-19 15:30:27 | INFO | CI | ========================
2026-04-19 15:30:27 | INFO | CI | Inspect: do these derived fields look meaningful?
2026-04-19 15:30:27 | INFO | CI | Would any additional features help the analysis?
2026-04-19 15:30:27 | INFO | CI | ========================
2026-04-19 15:30:27 | INFO | CI |   abstract_word_count: 166
2026-04-19 15:30:27 | INFO | CI |   author_count:        8
2026-04-19 15:30:27 | INFO | CI |   token_count:         99
2026-04-19 15:30:27 | INFO | CI |   unique_token_count:  79
2026-04-19 15:30:27 | INFO | CI |   type_token_ratio:    0.798
2026-04-19 15:30:27 | INFO | CI |   top 10 tokens:       ['dominant', 'sequence', 'transduction', 'models', 'based', 'complex', 'recurrent', 'convolutional', 'neural', 'networks']
2026-04-19 15:30:27 | INFO | CI | ========================
2026-04-19 15:30:27 | INFO | CI | PHASE 3.4: Build record and create DataFrame
2026-04-19 15:30:27 | INFO | CI | ========================
2026-04-19 15:30:27 | INFO | CI | Created DataFrame with 1 row and 13 columns
2026-04-19 15:30:27 | INFO | CI | Columns: ['arxiv_id', 'title', 'authors', 'subjects', 'submitted', 'abstract_raw', 'abstract_clean', 'tokens', 'abstract_word_count', 'token_count', 'unique_token_count', 'type_token_ratio', 'author_count']
2026-04-19 15:30:27 | INFO | CI | DataFrame Details
2026-04-19 15:30:27 | INFO | CI |   Title: Attention Is All You Need
2026-04-19 15:30:27 | INFO | CI |   Author count: 8
2026-04-19 15:30:27 | INFO | CI |   Abstract word count: 166
2026-04-19 15:30:27 | INFO | CI |   Token count (clean): 99
2026-04-19 15:30:27 | INFO | CI |   Type-token ratio: 0.798
2026-04-19 15:30:27 | INFO | CI |   DF preview:
     arxiv_id                      title  token_count  type_token_ratio  author_count
0  1706.03762  Attention Is All You Need           99             0.798             8
2026-04-19 15:30:27 | INFO | CI | Sink: Pandas DataFrame created
2026-04-19 15:30:27 | INFO | CI | Transformation complete.
2026-04-19 15:30:27 | INFO | CI | ========================
2026-04-19 15:30:27 | INFO | CI | STAGE 04: ANALYZE starting...
2026-04-19 15:30:27 | INFO | CI | ========================
2026-04-19 15:30:27 | INFO | CI | ========================
2026-04-19 15:30:27 | INFO | CI | PHASE 4.1: Extract tokens and summary statistics
2026-04-19 15:30:27 | INFO | CI | ========================
2026-04-19 15:30:27 | INFO | CI |   Paper: Attention Is All You Need
2026-04-19 15:30:27 | INFO | CI |   Abstract word count (raw):    166
2026-04-19 15:30:27 | INFO | CI |   Token count (clean):          99
2026-04-19 15:30:27 | INFO | CI |   Unique token count:           79
2026-04-19 15:30:27 | INFO | CI |   Type-token ratio:             0.798
2026-04-19 15:30:27 | INFO | CI |   Author count:                 8
2026-04-19 15:30:27 | INFO | CI | ========================
2026-04-19 15:30:27 | INFO | CI | PHASE 4.2: Top 20 token frequency - bar chart
2026-04-19 15:30:27 | INFO | CI | ========================
2026-04-19 15:30:28 | INFO | CI |   Saved bar chart to data\processed\reed_top_tokens.png
2026-04-19 15:30:28 | INFO | CI | ========================
2026-04-19 15:30:28 | INFO | CI | PHASE 4.3: Word cloud
2026-04-19 15:30:28 | INFO | CI | ========================
2026-04-19 15:30:28 | INFO | CI |   Saved word cloud to data\processed\reed_wordcloud.png
2026-04-19 15:30:28 | INFO | CI | ========================
2026-04-19 15:30:28 | INFO | CI | PHASE 4.4: Top token summary (inline)
2026-04-19 15:30:28 | INFO | CI | ========================
2026-04-19 15:30:28 | INFO | CI |   Top 20 tokens by frequency:
2026-04-19 15:30:28 | INFO | CI |       1. models                         4
2026-04-19 15:30:28 | INFO | CI |       2. best                           3
2026-04-19 15:30:28 | INFO | CI |       3. translation                    3
2026-04-19 15:30:28 | INFO | CI |       4. bleu                           3
2026-04-19 15:30:28 | INFO | CI |       5. training                       3
2026-04-19 15:30:28 | INFO | CI |       6. based                          2
2026-04-19 15:30:28 | INFO | CI |       7. attention                      2
2026-04-19 15:30:28 | INFO | CI |       8. new                            2
2026-04-19 15:30:28 | INFO | CI |       9. transformer                    2
2026-04-19 15:30:28 | INFO | CI |      10. tasks                          2
2026-04-19 15:30:28 | INFO | CI |      11. model                          2
2026-04-19 15:30:28 | INFO | CI |      12. wmt                            2
2026-04-19 15:30:28 | INFO | CI |      13. 2014                           2
2026-04-19 15:30:28 | INFO | CI |      14. task                           2
2026-04-19 15:30:28 | INFO | CI |      15. dominant                       1
2026-04-19 15:30:28 | INFO | CI |      16. sequence                       1
2026-04-19 15:30:28 | INFO | CI |      17. transduction                   1
2026-04-19 15:30:28 | INFO | CI |      18. complex                        1
2026-04-19 15:30:28 | INFO | CI |      19. recurrent                      1
2026-04-19 15:30:28 | INFO | CI |      20. convolutional                  1
2026-04-19 15:30:28 | INFO | CI | Sink: visualizations saved to data/processed/
2026-04-19 15:30:28 | INFO | CI | Analysis complete.
2026-04-19 15:30:28 | INFO | CI | ========================
2026-04-19 15:30:28 | INFO | CI | STAGE 04: LOAD starting...
2026-04-19 15:30:28 | INFO | CI | ========================
2026-04-19 15:30:28 | INFO | CI | SINK PATH = data\processed\reed_processed.csv
2026-04-19 15:30:28 | INFO | CI | ========================
2026-04-19 15:30:28 | INFO | CI | Pipeline executed successfully!
2026-04-19 15:30:28 | INFO | CI | ========================
2026-04-20 03:19:56 | INFO | CI | === RUN START ===
2026-04-20 03:19:56 | INFO | CI | project=Module 6: EVTAL PIPELINE - WEB DOCUMENTS (HTML)
2026-04-20 03:19:56 | INFO | CI | repo_dir=nlp-06-nlp-pipeline
2026-04-20 03:19:56 | INFO | CI | python=3.14.2
2026-04-20 03:19:56 | INFO | CI | os=Windows 11
2026-04-20 03:19:56 | INFO | CI | shell=powershell
2026-04-20 03:19:56 | INFO | CI | cwd=.
2026-04-20 03:19:56 | INFO | CI | github_actions=False
2026-04-20 03:19:56 | INFO | CI | START PIPELINE
2026-04-20 03:19:56 | INFO | CI | ROOT_PATH = .
2026-04-20 03:19:56 | INFO | CI | DATA_PATH = data
2026-04-20 03:19:56 | INFO | CI | RAW_PATH = data\raw
2026-04-20 03:19:56 | INFO | CI | PROCESSED_PATH = data\processed
2026-04-20 03:19:56 | INFO | CI | ========================
2026-04-20 03:19:56 | INFO | CI | STAGE 01: EXTRACT starting... 
2026-04-20 03:19:56 | INFO | CI | ========================
2026-04-20 03:19:56 | INFO | CI | EXTRACT: Fetching HTML from https://arxiv.org/abs/1706.03762
2026-04-20 03:19:56 | INFO | CI | SOURCE URL = https://arxiv.org/abs/1706.03762
2026-04-20 03:19:56 | INFO | CI | SINK PATH = data\raw\reed_raw.html
2026-04-20 03:19:56 | INFO | CI | ========================
2026-04-20 03:19:56 | INFO | CI | Pipeline executed successfully!
2026-04-20 03:19:56 | INFO | CI | ========================
2026-04-20 03:20:51 | INFO | CI | === RUN START ===
2026-04-20 03:20:51 | INFO | CI | project=Module 6: EVTAL PIPELINE - WEB DOCUMENTS (HTML)
2026-04-20 03:20:51 | INFO | CI | repo_dir=nlp-06-nlp-pipeline
2026-04-20 03:20:51 | INFO | CI | python=3.14.2
2026-04-20 03:20:51 | INFO | CI | os=Windows 11
2026-04-20 03:20:51 | INFO | CI | shell=powershell
2026-04-20 03:20:51 | INFO | CI | cwd=.
2026-04-20 03:20:51 | INFO | CI | github_actions=False
2026-04-20 03:20:51 | INFO | CI | START PIPELINE
2026-04-20 03:20:51 | INFO | CI | ROOT_PATH = .
2026-04-20 03:20:51 | INFO | CI | DATA_PATH = data
2026-04-20 03:20:51 | INFO | CI | RAW_PATH = data\raw
2026-04-20 03:20:51 | INFO | CI | PROCESSED_PATH = data\processed
2026-04-20 03:20:51 | INFO | CI | ========================
2026-04-20 03:20:51 | INFO | CI | STAGE 01: EXTRACT starting... 
2026-04-20 03:20:51 | INFO | CI | ========================
2026-04-20 03:20:51 | INFO | CI | EXTRACT: Fetching HTML from https://arxiv.org/pdf/1706.03762
2026-04-20 03:20:52 | INFO | CI | SOURCE URL = https://arxiv.org/pdf/1706.03762
2026-04-20 03:20:52 | INFO | CI | SINK PATH = data\raw\reed_raw.text
2026-04-20 03:20:52 | INFO | CI | ========================
2026-04-20 03:20:52 | INFO | CI | Pipeline executed successfully!
2026-04-20 03:20:52 | INFO | CI | ========================
2026-04-20 03:22:07 | INFO | CI | === RUN START ===
2026-04-20 03:22:07 | INFO | CI | project=Module 6: EVTAL PIPELINE - WEB DOCUMENTS (HTML)
2026-04-20 03:22:07 | INFO | CI | repo_dir=nlp-06-nlp-pipeline
2026-04-20 03:22:07 | INFO | CI | python=3.14.2
2026-04-20 03:22:07 | INFO | CI | os=Windows 11
2026-04-20 03:22:07 | INFO | CI | shell=powershell
2026-04-20 03:22:07 | INFO | CI | cwd=.
2026-04-20 03:22:07 | INFO | CI | github_actions=False
2026-04-20 03:22:07 | INFO | CI | START PIPELINE
2026-04-20 03:22:07 | INFO | CI | ROOT_PATH = .
2026-04-20 03:22:07 | INFO | CI | DATA_PATH = data
2026-04-20 03:22:07 | INFO | CI | RAW_PATH = data\raw
2026-04-20 03:22:07 | INFO | CI | PROCESSED_PATH = data\processed
2026-04-20 03:22:07 | INFO | CI | ========================
2026-04-20 03:22:07 | INFO | CI | STAGE 01: EXTRACT starting... 
2026-04-20 03:22:07 | INFO | CI | ========================
2026-04-20 03:22:07 | INFO | CI | EXTRACT: Fetching HTML from https://arxiv.org/pdf/1706.03762
2026-04-20 03:22:08 | INFO | CI | SOURCE URL = https://arxiv.org/pdf/1706.03762
2026-04-20 03:22:08 | INFO | CI | SINK PATH = data\raw\reed_raw.pdf
2026-04-20 03:22:08 | INFO | CI | ========================
2026-04-20 03:22:08 | INFO | CI | Pipeline executed successfully!
2026-04-20 03:22:08 | INFO | CI | ========================
2026-04-20 03:41:48 | INFO | CI | === RUN START ===
2026-04-20 03:41:48 | INFO | CI | project=Module 6: EVTAL PIPELINE - WEB DOCUMENTS (HTML)
2026-04-20 03:41:48 | INFO | CI | repo_dir=nlp-06-nlp-pipeline
2026-04-20 03:41:48 | INFO | CI | python=3.14.2
2026-04-20 03:41:48 | INFO | CI | os=Windows 11
2026-04-20 03:41:48 | INFO | CI | shell=powershell
2026-04-20 03:41:48 | INFO | CI | cwd=.
2026-04-20 03:41:48 | INFO | CI | github_actions=False
2026-04-20 03:41:48 | INFO | CI | START PIPELINE
2026-04-20 03:41:48 | INFO | CI | ROOT_PATH = .
2026-04-20 03:41:48 | INFO | CI | DATA_PATH = data
2026-04-20 03:41:48 | INFO | CI | RAW_PATH = data\raw
2026-04-20 03:41:48 | INFO | CI | PROCESSED_PATH = data\processed
2026-04-20 03:43:46 | INFO | CI | === RUN START ===
2026-04-20 03:43:46 | INFO | CI | project=Module 6: EVTAL PIPELINE - WEB DOCUMENTS (HTML)
2026-04-20 03:43:46 | INFO | CI | repo_dir=nlp-06-nlp-pipeline
2026-04-20 03:43:46 | INFO | CI | python=3.14.2
2026-04-20 03:43:46 | INFO | CI | os=Windows 11
2026-04-20 03:43:46 | INFO | CI | shell=powershell
2026-04-20 03:43:46 | INFO | CI | cwd=.
2026-04-20 03:43:46 | INFO | CI | github_actions=False
2026-04-20 03:43:46 | INFO | CI | START PIPELINE
2026-04-20 03:43:46 | INFO | CI | ROOT_PATH = .
2026-04-20 03:43:46 | INFO | CI | DATA_PATH = data
2026-04-20 03:43:46 | INFO | CI | RAW_PATH = data\raw
2026-04-20 03:43:46 | INFO | CI | PROCESSED_PATH = data\processed
2026-04-20 03:43:46 | INFO | CI | ========================
2026-04-20 03:43:46 | INFO | CI | STAGE 01: EXTRACT starting... 
2026-04-20 03:43:46 | INFO | CI | ========================
2026-04-20 03:43:46 | INFO | CI | EXTRACT: Fetching HTML from https://arxiv.org/pdf/1706.03762
2026-04-20 03:43:47 | INFO | CI | SOURCE URL = https://arxiv.org/pdf/1706.03762
2026-04-20 03:43:47 | INFO | CI | SINK PATH = data\raw\reed_raw.pdf
2026-04-20 03:43:47 | INFO | CI | ========================
2026-04-20 03:43:47 | INFO | CI | Pipeline executed successfully!
2026-04-20 03:43:47 | INFO | CI | ========================
2026-04-20 03:54:22 | INFO | CI | === RUN START ===
2026-04-20 03:54:22 | INFO | CI | project=Module 6: EVTAL PIPELINE - WEB DOCUMENTS (HTML)
2026-04-20 03:54:22 | INFO | CI | repo_dir=nlp-06-nlp-pipeline
2026-04-20 03:54:22 | INFO | CI | python=3.14.2
2026-04-20 03:54:22 | INFO | CI | os=Windows 11
2026-04-20 03:54:22 | INFO | CI | shell=powershell
2026-04-20 03:54:22 | INFO | CI | cwd=.
2026-04-20 03:54:22 | INFO | CI | github_actions=False
2026-04-20 03:54:22 | INFO | CI | START PIPELINE
2026-04-20 03:54:22 | INFO | CI | ROOT_PATH = .
2026-04-20 03:54:22 | INFO | CI | DATA_PATH = data
2026-04-20 03:54:22 | INFO | CI | RAW_PATH = data\raw
2026-04-20 03:54:22 | INFO | CI | PROCESSED_PATH = data\processed
2026-04-20 03:54:22 | INFO | CI | ========================
2026-04-20 03:54:22 | INFO | CI | STAGE 01: EXTRACT starting... 
2026-04-20 03:54:22 | INFO | CI | ========================
2026-04-20 03:54:22 | INFO | CI | EXTRACT: Fetching HTML from https://arxiv.org/pdf/1706.03762
2026-04-20 03:54:23 | INFO | CI | SOURCE URL = https://arxiv.org/pdf/1706.03762
2026-04-20 03:54:23 | INFO | CI | SINK PATH = data\raw\reed_raw.pdf
2026-04-20 03:54:23 | INFO | CI | ========================
2026-04-20 03:54:23 | INFO | CI | Pipeline executed successfully!
2026-04-20 03:54:23 | INFO | CI | ========================
2026-04-20 03:56:07 | INFO | CI | === RUN START ===
2026-04-20 03:56:07 | INFO | CI | project=Module 6: EVTAL PIPELINE - WEB DOCUMENTS (HTML)
2026-04-20 03:56:07 | INFO | CI | repo_dir=nlp-06-nlp-pipeline
2026-04-20 03:56:07 | INFO | CI | python=3.14.2
2026-04-20 03:56:07 | INFO | CI | os=Windows 11
2026-04-20 03:56:07 | INFO | CI | shell=powershell
2026-04-20 03:56:07 | INFO | CI | cwd=.
2026-04-20 03:56:07 | INFO | CI | github_actions=False
2026-04-20 03:56:07 | INFO | CI | START PIPELINE
2026-04-20 03:56:07 | INFO | CI | ROOT_PATH = .
2026-04-20 03:56:07 | INFO | CI | DATA_PATH = data
2026-04-20 03:56:07 | INFO | CI | RAW_PATH = data\raw
2026-04-20 03:56:07 | INFO | CI | PROCESSED_PATH = data\processed
2026-04-20 03:56:07 | INFO | CI | ========================
2026-04-20 03:56:07 | INFO | CI | STAGE 01: EXTRACT starting... 
2026-04-20 03:56:07 | INFO | CI | ========================
2026-04-20 03:56:07 | INFO | CI | EXTRACT: Fetching HTML from https://arxiv.org/pdf/1706.03762
2026-04-20 03:56:07 | INFO | CI | SOURCE URL = https://arxiv.org/pdf/1706.03762
2026-04-20 03:56:07 | INFO | CI | SINK PATH = data\raw\reed_raw.pdf
2026-04-20 03:56:07 | INFO | CI | ========================
2026-04-20 03:56:07 | INFO | CI | Pipeline executed successfully!
2026-04-20 03:56:07 | INFO | CI | ========================
2026-04-20 03:56:54 | INFO | CI | === RUN START ===
2026-04-20 03:56:54 | INFO | CI | project=Module 6: EVTAL PIPELINE - WEB DOCUMENTS (HTML)
2026-04-20 03:56:54 | INFO | CI | repo_dir=nlp-06-nlp-pipeline
2026-04-20 03:56:54 | INFO | CI | python=3.14.2
2026-04-20 03:56:54 | INFO | CI | os=Windows 11
2026-04-20 03:56:54 | INFO | CI | shell=powershell
2026-04-20 03:56:54 | INFO | CI | cwd=.
2026-04-20 03:56:54 | INFO | CI | github_actions=False
2026-04-20 03:56:54 | INFO | CI | START PIPELINE
2026-04-20 03:56:54 | INFO | CI | ROOT_PATH = .
2026-04-20 03:56:54 | INFO | CI | DATA_PATH = data
2026-04-20 03:56:54 | INFO | CI | RAW_PATH = data\raw
2026-04-20 03:56:54 | INFO | CI | PROCESSED_PATH = data\processed
2026-04-20 03:56:54 | INFO | CI | ========================
2026-04-20 03:56:54 | INFO | CI | STAGE 01: EXTRACT starting... 
2026-04-20 03:56:54 | INFO | CI | ========================
2026-04-20 03:56:54 | INFO | CI | EXTRACT: Fetching HTML from https://arxiv.org/pdf/1706.03762
2026-04-20 03:56:54 | INFO | CI | SOURCE URL = https://arxiv.org/pdf/1706.03762
2026-04-20 03:56:54 | INFO | CI | SINK PATH = data\raw\reed_raw.pdf
2026-04-20 03:56:54 | INFO | CI | ========================
2026-04-20 03:56:54 | INFO | CI | Pipeline executed successfully!
2026-04-20 03:56:54 | INFO | CI | ========================
2026-04-20 03:57:41 | INFO | CI | === RUN START ===
2026-04-20 03:57:41 | INFO | CI | project=Module 6: EVTAL PIPELINE - WEB DOCUMENTS (HTML)
2026-04-20 03:57:41 | INFO | CI | repo_dir=nlp-06-nlp-pipeline
2026-04-20 03:57:41 | INFO | CI | python=3.14.2
2026-04-20 03:57:41 | INFO | CI | os=Windows 11
2026-04-20 03:57:41 | INFO | CI | shell=powershell
2026-04-20 03:57:41 | INFO | CI | cwd=.
2026-04-20 03:57:41 | INFO | CI | github_actions=False
2026-04-20 03:57:41 | INFO | CI | START PIPELINE
2026-04-20 03:57:41 | INFO | CI | ROOT_PATH = .
2026-04-20 03:57:41 | INFO | CI | DATA_PATH = data
2026-04-20 03:57:41 | INFO | CI | RAW_PATH = data\raw
2026-04-20 03:57:41 | INFO | CI | PROCESSED_PATH = data\processed
2026-04-20 03:57:41 | INFO | CI | ========================
2026-04-20 03:57:41 | INFO | CI | STAGE 01: EXTRACT starting... 
2026-04-20 03:57:41 | INFO | CI | ========================
2026-04-20 03:57:41 | INFO | CI | EXTRACT: Fetching HTML from https://arxiv.org/pdf/1706.03762
2026-04-20 03:57:41 | INFO | CI | SOURCE URL = https://arxiv.org/pdf/1706.03762
2026-04-20 03:57:41 | INFO | CI | SINK PATH = data\raw\reed_raw.pdf
2026-04-20 03:57:41 | INFO | CI | ========================
2026-04-20 03:57:41 | INFO | CI | Pipeline executed successfully!
2026-04-20 03:57:41 | INFO | CI | ========================
2026-04-20 04:09:28 | INFO | CI | === RUN START ===
2026-04-20 04:09:28 | INFO | CI | project=Module 6: EVTAL PIPELINE - WEB DOCUMENTS (HTML)
2026-04-20 04:09:28 | INFO | CI | repo_dir=nlp-06-nlp-pipeline
2026-04-20 04:09:28 | INFO | CI | python=3.14.2
2026-04-20 04:09:28 | INFO | CI | os=Windows 11
2026-04-20 04:09:28 | INFO | CI | shell=powershell
2026-04-20 04:09:28 | INFO | CI | cwd=.
2026-04-20 04:09:28 | INFO | CI | github_actions=False
2026-04-20 04:09:28 | INFO | CI | START PIPELINE
2026-04-20 04:09:28 | INFO | CI | ROOT_PATH = .
2026-04-20 04:09:28 | INFO | CI | DATA_PATH = data
2026-04-20 04:09:28 | INFO | CI | RAW_PATH = data\raw
2026-04-20 04:09:28 | INFO | CI | PROCESSED_PATH = data\processed
2026-04-20 04:09:28 | INFO | CI | ========================
2026-04-20 04:09:28 | INFO | CI | STAGE 01: EXTRACT starting... 
2026-04-20 04:09:28 | INFO | CI | ========================
2026-04-20 04:09:28 | INFO | CI | EXTRACT: Fetching HTML from https://arxiv.org/pdf/1706.03762
2026-04-20 04:10:22 | INFO | CI | === RUN START ===
2026-04-20 04:10:22 | INFO | CI | project=Module 6: EVTAL PIPELINE - WEB DOCUMENTS (HTML)
2026-04-20 04:10:22 | INFO | CI | repo_dir=nlp-06-nlp-pipeline
2026-04-20 04:10:22 | INFO | CI | python=3.14.2
2026-04-20 04:10:22 | INFO | CI | os=Windows 11
2026-04-20 04:10:22 | INFO | CI | shell=powershell
2026-04-20 04:10:22 | INFO | CI | cwd=.
2026-04-20 04:10:22 | INFO | CI | github_actions=False
2026-04-20 04:10:22 | INFO | CI | START PIPELINE
2026-04-20 04:10:22 | INFO | CI | ROOT_PATH = .
2026-04-20 04:10:22 | INFO | CI | DATA_PATH = data
2026-04-20 04:10:22 | INFO | CI | RAW_PATH = data\raw
2026-04-20 04:10:22 | INFO | CI | PROCESSED_PATH = data\processed
2026-04-20 04:10:22 | INFO | CI | ========================
2026-04-20 04:10:22 | INFO | CI | STAGE 01: EXTRACT starting... 
2026-04-20 04:10:22 | INFO | CI | ========================
2026-04-20 04:10:22 | INFO | CI | EXTRACT: Fetching HTML from https://arxiv.org/pdf/1706.03762
2026-04-20 04:10:23 | INFO | CI | SOURCE URL = https://arxiv.org/pdf/1706.03762
2026-04-20 04:10:23 | INFO | CI | SINK PATH = data\raw\reed_raw.txt
2026-04-20 04:10:23 | INFO | CI | ========================
2026-04-20 04:10:23 | INFO | CI | Pipeline executed successfully!
2026-04-20 04:10:23 | INFO | CI | ========================
2026-04-20 04:20:52 | INFO | CI | === RUN START ===
2026-04-20 04:20:52 | INFO | CI | project=Module 6: EVTAL PIPELINE - WEB DOCUMENTS (HTML)
2026-04-20 04:20:52 | INFO | CI | repo_dir=nlp-06-nlp-pipeline
2026-04-20 04:20:52 | INFO | CI | python=3.14.2
2026-04-20 04:20:52 | INFO | CI | os=Windows 11
2026-04-20 04:20:52 | INFO | CI | shell=powershell
2026-04-20 04:20:52 | INFO | CI | cwd=.
2026-04-20 04:20:52 | INFO | CI | github_actions=False
2026-04-20 04:20:52 | INFO | CI | START PIPELINE
2026-04-20 04:20:52 | INFO | CI | ROOT_PATH = .
2026-04-20 04:20:52 | INFO | CI | DATA_PATH = data
2026-04-20 04:20:52 | INFO | CI | RAW_PATH = data\raw
2026-04-20 04:20:52 | INFO | CI | PROCESSED_PATH = data\processed
2026-04-20 04:20:52 | INFO | CI | ========================
2026-04-20 04:20:52 | INFO | CI | STAGE 01: EXTRACT starting... 
2026-04-20 04:20:52 | INFO | CI | ========================
2026-04-20 04:20:52 | INFO | CI | EXTRACT: Fetching HTML from https://arxiv.org/pdf/1706.03762
2026-04-20 04:20:53 | INFO | CI | SOURCE URL = https://arxiv.org/pdf/1706.03762
2026-04-20 04:20:53 | INFO | CI | SINK PATH = data\raw\reed_raw.txt
2026-04-20 04:20:53 | INFO | CI | ========================
2026-04-20 04:20:53 | INFO | CI | Pipeline executed successfully!
2026-04-20 04:20:53 | INFO | CI | ========================
2026-04-20 04:46:06 | INFO | CI | === RUN START ===
2026-04-20 04:46:06 | INFO | CI | project=Module 6: EVTAL PIPELINE - WEB DOCUMENTS (HTML)
2026-04-20 04:46:06 | INFO | CI | repo_dir=nlp-06-nlp-pipeline
2026-04-20 04:46:06 | INFO | CI | python=3.14.2
2026-04-20 04:46:06 | INFO | CI | os=Windows 11
2026-04-20 04:46:06 | INFO | CI | shell=powershell
2026-04-20 04:46:06 | INFO | CI | cwd=.
2026-04-20 04:46:06 | INFO | CI | github_actions=False
2026-04-20 04:46:06 | INFO | CI | START PIPELINE
2026-04-20 04:46:06 | INFO | CI | ROOT_PATH = .
2026-04-20 04:46:06 | INFO | CI | DATA_PATH = data
2026-04-20 04:46:06 | INFO | CI | RAW_PATH = data\raw
2026-04-20 04:46:06 | INFO | CI | PROCESSED_PATH = data\processed
2026-04-20 04:46:06 | INFO | CI | ========================
2026-04-20 04:46:06 | INFO | CI | STAGE 01: EXTRACT starting... 
2026-04-20 04:46:06 | INFO | CI | ========================
2026-04-20 04:46:06 | INFO | CI | EXTRACT: Fetching HTML from https://arxiv.org/pdf/1706.03762
2026-04-20 04:46:08 | INFO | CI | SOURCE URL = https://arxiv.org/pdf/1706.03762
2026-04-20 04:46:08 | INFO | CI | SINK PATH = data\raw\reed_raw.txt
2026-04-20 04:46:08 | INFO | CI | ========================
2026-04-20 04:46:08 | INFO | CI | Pipeline executed successfully!
2026-04-20 04:46:08 | INFO | CI | ========================
2026-04-20 05:12:46 | INFO | CI | === RUN START ===
2026-04-20 05:12:46 | INFO | CI | project=Module 6: EVTAL PIPELINE - WEB DOCUMENTS (HTML)
2026-04-20 05:12:46 | INFO | CI | repo_dir=nlp-06-nlp-pipeline
2026-04-20 05:12:46 | INFO | CI | python=3.14.2
2026-04-20 05:12:46 | INFO | CI | os=Windows 11
2026-04-20 05:12:46 | INFO | CI | shell=powershell
2026-04-20 05:12:46 | INFO | CI | cwd=.
2026-04-20 05:12:46 | INFO | CI | github_actions=False
2026-04-20 05:12:46 | INFO | CI | START PIPELINE
2026-04-20 05:12:46 | INFO | CI | ROOT_PATH = .
2026-04-20 05:12:46 | INFO | CI | DATA_PATH = data
2026-04-20 05:12:46 | INFO | CI | RAW_PATH = data\raw
2026-04-20 05:12:46 | INFO | CI | PROCESSED_PATH = data\processed
2026-04-20 05:12:46 | INFO | CI | ========================
2026-04-20 05:12:46 | INFO | CI | STAGE 01: EXTRACT starting... 
2026-04-20 05:12:46 | INFO | CI | ========================
2026-04-20 05:12:46 | INFO | CI | EXTRACT: Fetching HTML from https://arxiv.org/pdf/1706.03762
2026-04-20 05:12:47 | INFO | CI | SOURCE URL = https://arxiv.org/pdf/1706.03762
2026-04-20 05:12:47 | INFO | CI | SINK PATH = data\raw\reed_raw.txt
2026-04-20 05:12:47 | INFO | CI | ========================
2026-04-20 05:12:47 | INFO | CI | Pipeline executed successfully!
2026-04-20 05:12:47 | INFO | CI | ========================
2026-04-20 05:16:38 | INFO | CI | === RUN START ===
2026-04-20 05:16:38 | INFO | CI | project=Module 6: EVTAL PIPELINE - WEB DOCUMENTS (HTML)
2026-04-20 05:16:38 | INFO | CI | repo_dir=nlp-06-nlp-pipeline
2026-04-20 05:16:38 | INFO | CI | python=3.14.2
2026-04-20 05:16:38 | INFO | CI | os=Windows 11
2026-04-20 05:16:38 | INFO | CI | shell=powershell
2026-04-20 05:16:38 | INFO | CI | cwd=.
2026-04-20 05:16:38 | INFO | CI | github_actions=False
2026-04-20 05:16:38 | INFO | CI | START PIPELINE
2026-04-20 05:16:38 | INFO | CI | ROOT_PATH = .
2026-04-20 05:16:38 | INFO | CI | DATA_PATH = data
2026-04-20 05:16:38 | INFO | CI | RAW_PATH = data\raw
2026-04-20 05:16:38 | INFO | CI | PROCESSED_PATH = data\processed
2026-04-20 05:16:38 | INFO | CI | ========================
2026-04-20 05:16:38 | INFO | CI | STAGE 01: EXTRACT starting... 
2026-04-20 05:16:38 | INFO | CI | ========================
2026-04-20 05:16:38 | INFO | CI | EXTRACT: Fetching HTML from https://arxiv.org/pdf/1706.03762
2026-04-20 05:16:40 | INFO | CI | SOURCE URL = https://arxiv.org/pdf/1706.03762
2026-04-20 05:16:40 | INFO | CI | SINK PATH = data\raw\reed_raw.txt
2026-04-20 05:16:40 | INFO | CI | ========================
2026-04-20 05:16:40 | INFO | CI | Pipeline executed successfully!
2026-04-20 05:16:40 | INFO | CI | ========================
2026-04-20 05:18:02 | INFO | CI | === RUN START ===
2026-04-20 05:18:02 | INFO | CI | project=Module 6: EVTAL PIPELINE - WEB DOCUMENTS (HTML)
2026-04-20 05:18:02 | INFO | CI | repo_dir=nlp-06-nlp-pipeline
2026-04-20 05:18:02 | INFO | CI | python=3.14.2
2026-04-20 05:18:02 | INFO | CI | os=Windows 11
2026-04-20 05:18:02 | INFO | CI | shell=powershell
2026-04-20 05:18:02 | INFO | CI | cwd=.
2026-04-20 05:18:02 | INFO | CI | github_actions=False
2026-04-20 05:18:02 | INFO | CI | START PIPELINE
2026-04-20 05:18:02 | INFO | CI | ROOT_PATH = .
2026-04-20 05:18:02 | INFO | CI | DATA_PATH = data
2026-04-20 05:18:02 | INFO | CI | RAW_PATH = data\raw
2026-04-20 05:18:02 | INFO | CI | PROCESSED_PATH = data\processed
2026-04-20 05:18:02 | INFO | CI | ========================
2026-04-20 05:18:02 | INFO | CI | STAGE 01: EXTRACT starting... 
2026-04-20 05:18:02 | INFO | CI | ========================
2026-04-20 05:18:02 | INFO | CI | EXTRACT: Fetching HTML from https://arxiv.org/pdf/1706.03762
2026-04-20 05:18:04 | INFO | CI | SOURCE URL = https://arxiv.org/pdf/1706.03762
2026-04-20 05:18:04 | INFO | CI | SINK PATH = data\raw\reed_raw.txt
2026-04-20 05:18:04 | INFO | CI | ========================
2026-04-20 05:18:04 | INFO | CI | Pipeline executed successfully!
2026-04-20 05:18:04 | INFO | CI | ========================
2026-04-20 05:22:08 | INFO | CI | === RUN START ===
2026-04-20 05:22:08 | INFO | CI | project=Module 6: EVTAL PIPELINE - WEB DOCUMENTS (HTML)
2026-04-20 05:22:08 | INFO | CI | repo_dir=nlp-06-nlp-pipeline
2026-04-20 05:22:08 | INFO | CI | python=3.14.2
2026-04-20 05:22:08 | INFO | CI | os=Windows 11
2026-04-20 05:22:08 | INFO | CI | shell=powershell
2026-04-20 05:22:08 | INFO | CI | cwd=.
2026-04-20 05:22:08 | INFO | CI | github_actions=False
2026-04-20 05:22:08 | INFO | CI | START PIPELINE
2026-04-20 05:22:08 | INFO | CI | ROOT_PATH = .
2026-04-20 05:22:08 | INFO | CI | DATA_PATH = data
2026-04-20 05:22:08 | INFO | CI | RAW_PATH = data\raw
2026-04-20 05:22:08 | INFO | CI | PROCESSED_PATH = data\processed
2026-04-20 05:22:08 | INFO | CI | ========================
2026-04-20 05:22:08 | INFO | CI | STAGE 01: EXTRACT starting... 
2026-04-20 05:22:08 | INFO | CI | ========================
2026-04-20 05:22:08 | INFO | CI | EXTRACT: Fetching HTML from https://arxiv.org/pdf/1706.03762
2026-04-20 05:22:09 | INFO | CI | SOURCE URL = https://arxiv.org/pdf/1706.03762
2026-04-20 05:22:09 | INFO | CI | SINK PATH = data\raw\reed_raw.txt
2026-04-20 05:22:09 | INFO | CI | ========================
2026-04-20 05:22:09 | INFO | CI | Pipeline executed successfully!
2026-04-20 05:22:09 | INFO | CI | ========================
2026-04-20 05:30:05 | INFO | CI | === RUN START ===
2026-04-20 05:30:05 | INFO | CI | project=Module 6: EVTAL PIPELINE - WEB DOCUMENTS (HTML)
2026-04-20 05:30:05 | INFO | CI | repo_dir=nlp-06-nlp-pipeline
2026-04-20 05:30:05 | INFO | CI | python=3.14.2
2026-04-20 05:30:05 | INFO | CI | os=Windows 11
2026-04-20 05:30:05 | INFO | CI | shell=powershell
2026-04-20 05:30:05 | INFO | CI | cwd=.
2026-04-20 05:30:05 | INFO | CI | github_actions=False
2026-04-20 05:30:05 | INFO | CI | START PIPELINE
2026-04-20 05:30:05 | INFO | CI | ROOT_PATH = .
2026-04-20 05:30:05 | INFO | CI | DATA_PATH = data
2026-04-20 05:30:05 | INFO | CI | RAW_PATH = data\raw
2026-04-20 05:30:05 | INFO | CI | PROCESSED_PATH = data\processed
2026-04-20 05:30:05 | INFO | CI | ========================
2026-04-20 05:30:05 | INFO | CI | STAGE 01: EXTRACT starting... 
2026-04-20 05:30:05 | INFO | CI | ========================
2026-04-20 05:30:05 | INFO | CI | EXTRACT: Fetching HTML from https://arxiv.org/pdf/1706.03762
2026-04-20 05:30:07 | INFO | CI | SOURCE URL = https://arxiv.org/pdf/1706.03762
2026-04-20 05:30:07 | INFO | CI | SINK PATH = data\raw\reed_raw.txt
2026-04-20 05:30:07 | INFO | CI | ========================
2026-04-20 05:30:07 | INFO | CI | Pipeline executed successfully!
2026-04-20 05:30:07 | INFO | CI | ========================
2026-04-20 05:30:38 | INFO | CI | === RUN START ===
2026-04-20 05:30:38 | INFO | CI | project=Module 6: EVTAL PIPELINE - WEB DOCUMENTS (HTML)
2026-04-20 05:30:38 | INFO | CI | repo_dir=nlp-06-nlp-pipeline
2026-04-20 05:30:38 | INFO | CI | python=3.14.2
2026-04-20 05:30:38 | INFO | CI | os=Windows 11
2026-04-20 05:30:38 | INFO | CI | shell=powershell
2026-04-20 05:30:38 | INFO | CI | cwd=.
2026-04-20 05:30:38 | INFO | CI | github_actions=False
2026-04-20 05:30:38 | INFO | CI | START PIPELINE
2026-04-20 05:30:38 | INFO | CI | ROOT_PATH = .
2026-04-20 05:30:38 | INFO | CI | DATA_PATH = data
2026-04-20 05:30:38 | INFO | CI | RAW_PATH = data\raw
2026-04-20 05:30:38 | INFO | CI | PROCESSED_PATH = data\processed
2026-04-20 05:30:38 | INFO | CI | ========================
2026-04-20 05:30:38 | INFO | CI | STAGE 01: EXTRACT starting... 
2026-04-20 05:30:38 | INFO | CI | ========================
2026-04-20 05:30:38 | INFO | CI | EXTRACT: Fetching HTML from https://arxiv.org/pdf/1706.03762
2026-04-20 05:30:39 | INFO | CI | SOURCE URL = https://arxiv.org/pdf/1706.03762
2026-04-20 05:30:39 | INFO | CI | SINK PATH = data\raw\reed_raw.txt
2026-04-20 05:30:39 | INFO | CI | ========================
2026-04-20 05:30:39 | INFO | CI | Pipeline executed successfully!
2026-04-20 05:30:39 | INFO | CI | ========================
2026-04-20 05:35:22 | INFO | CI | === RUN START ===
2026-04-20 05:35:22 | INFO | CI | project=Module 6: EVTAL PIPELINE - WEB DOCUMENTS (HTML)
2026-04-20 05:35:22 | INFO | CI | repo_dir=nlp-06-nlp-pipeline
2026-04-20 05:35:22 | INFO | CI | python=3.14.2
2026-04-20 05:35:22 | INFO | CI | os=Windows 11
2026-04-20 05:35:22 | INFO | CI | shell=powershell
2026-04-20 05:35:22 | INFO | CI | cwd=.
2026-04-20 05:35:22 | INFO | CI | github_actions=False
2026-04-20 05:35:22 | INFO | CI | START PIPELINE
2026-04-20 05:35:22 | INFO | CI | ROOT_PATH = .
2026-04-20 05:35:22 | INFO | CI | DATA_PATH = data
2026-04-20 05:35:22 | INFO | CI | RAW_PATH = data\raw
2026-04-20 05:35:22 | INFO | CI | PROCESSED_PATH = data\processed
2026-04-20 05:35:22 | INFO | CI | ========================
2026-04-20 05:35:22 | INFO | CI | STAGE 01: EXTRACT starting... 
2026-04-20 05:35:22 | INFO | CI | ========================
2026-04-20 05:35:22 | INFO | CI | EXTRACT: Fetching HTML from https://arxiv.org/pdf/1706.03762
2026-04-20 05:35:23 | INFO | CI | SOURCE URL = https://arxiv.org/pdf/1706.03762
2026-04-20 05:35:23 | INFO | CI | SINK PATH = data\raw\reed_raw.txt
2026-04-20 05:35:23 | INFO | CI | Returned headings: ['Abstract', '2 Background', '3 Model Architecture', '3.1 Encoder and Decoder Stacks', '3.2 Attention', '3.3 Position-wise Feed-Forward Networks', '3.4 Embeddings and Softmax', '3.5 Positional Encoding', '4 Why Self-Attention', '5 Training', '5.1 Training Data and Batching', '2014 English-French dataset consisting of 36M sentences and split tokens into a 32000 word-piece', '5.2 Hardware and Schedule', '5.3 Optimizer', '5.4 Regularization', '6 Results', '6.1 Machine Translation', '6.2 Model Variations', '6.3 English Constituency Parsing', '7 Conclusion', 'References']
2026-04-20 05:35:23 | INFO | CI | VALIDATE: HTML structure is valid.
2026-04-20 05:35:23 | INFO | CI | ========================
2026-04-20 05:35:23 | INFO | CI | Pipeline executed successfully!
2026-04-20 05:35:23 | INFO | CI | ========================
2026-04-20 05:54:21 | INFO | CI | === RUN START ===
2026-04-20 05:54:21 | INFO | CI | project=Module 6: EVTAL PIPELINE - WEB DOCUMENTS (HTML)
2026-04-20 05:54:21 | INFO | CI | repo_dir=nlp-06-nlp-pipeline
2026-04-20 05:54:21 | INFO | CI | python=3.14.2
2026-04-20 05:54:21 | INFO | CI | os=Windows 11
2026-04-20 05:54:21 | INFO | CI | shell=powershell
2026-04-20 05:54:21 | INFO | CI | cwd=.
2026-04-20 05:54:21 | INFO | CI | github_actions=False
2026-04-20 05:54:21 | INFO | CI | START PIPELINE
2026-04-20 05:54:21 | INFO | CI | ROOT_PATH = .
2026-04-20 05:54:21 | INFO | CI | DATA_PATH = data
2026-04-20 05:54:21 | INFO | CI | RAW_PATH = data\raw
2026-04-20 05:54:21 | INFO | CI | PROCESSED_PATH = data\processed
2026-04-20 05:54:21 | INFO | CI | ========================
2026-04-20 05:54:21 | INFO | CI | STAGE 01: EXTRACT starting... 
2026-04-20 05:54:21 | INFO | CI | ========================
2026-04-20 05:54:21 | INFO | CI | EXTRACT: Fetching HTML from https://arxiv.org/pdf/1706.03762
2026-04-20 05:54:22 | INFO | CI | SOURCE URL = https://arxiv.org/pdf/1706.03762
2026-04-20 05:54:22 | INFO | CI | SINK PATH = data\raw\reed_raw.txt
2026-04-20 05:54:22 | INFO | CI | Returned headings: ['Abstract', '2 Background', '3 Model Architecture', '3.1 Encoder and Decoder Stacks', '3.2 Attention', '3.3 Position-wise Feed-Forward Networks', '3.4 Embeddings and Softmax', '3.5 Positional Encoding', '4 Why Self-Attention', '5 Training', '5.1 Training Data and Batching', '2014 English-French dataset consisting of 36M sentences and split tokens into a 32000 word-piece', '5.2 Hardware and Schedule', '5.3 Optimizer', '5.4 Regularization', '6 Results', '6.1 Machine Translation', '6.2 Model Variations', '6.3 English Constituency Parsing', '7 Conclusion', 'References']
2026-04-20 05:54:22 | INFO | CI | VALIDATE: HTML structure is valid.
2026-04-20 05:54:57 | INFO | CI | === RUN START ===
2026-04-20 05:54:57 | INFO | CI | project=Module 6: EVTAL PIPELINE - WEB DOCUMENTS (HTML)
2026-04-20 05:54:57 | INFO | CI | repo_dir=nlp-06-nlp-pipeline
2026-04-20 05:54:57 | INFO | CI | python=3.14.2
2026-04-20 05:54:57 | INFO | CI | os=Windows 11
2026-04-20 05:54:57 | INFO | CI | shell=powershell
2026-04-20 05:54:57 | INFO | CI | cwd=.
2026-04-20 05:54:57 | INFO | CI | github_actions=False
2026-04-20 05:54:57 | INFO | CI | START PIPELINE
2026-04-20 05:54:57 | INFO | CI | ROOT_PATH = .
2026-04-20 05:54:57 | INFO | CI | DATA_PATH = data
2026-04-20 05:54:57 | INFO | CI | RAW_PATH = data\raw
2026-04-20 05:54:57 | INFO | CI | PROCESSED_PATH = data\processed
2026-04-20 05:54:57 | INFO | CI | ========================
2026-04-20 05:54:57 | INFO | CI | STAGE 01: EXTRACT starting... 
2026-04-20 05:54:57 | INFO | CI | ========================
2026-04-20 05:54:57 | INFO | CI | EXTRACT: Fetching HTML from https://arxiv.org/pdf/1706.03762
2026-04-20 05:54:59 | INFO | CI | SOURCE URL = https://arxiv.org/pdf/1706.03762
2026-04-20 05:54:59 | INFO | CI | SINK PATH = data\raw\reed_raw.txt
2026-04-20 05:54:59 | INFO | CI | Returned headings: ['Abstract', '2 Background', '3 Model Architecture', '3.1 Encoder and Decoder Stacks', '3.2 Attention', '3.3 Position-wise Feed-Forward Networks', '3.4 Embeddings and Softmax', '3.5 Positional Encoding', '4 Why Self-Attention', '5 Training', '5.1 Training Data and Batching', '2014 English-French dataset consisting of 36M sentences and split tokens into a 32000 word-piece', '5.2 Hardware and Schedule', '5.3 Optimizer', '5.4 Regularization', '6 Results', '6.1 Machine Translation', '6.2 Model Variations', '6.3 English Constituency Parsing', '7 Conclusion', 'References']
2026-04-20 05:54:59 | INFO | CI | VALIDATE: HTML structure is valid.
2026-04-20 05:55:02 | INFO | CI | ========================
2026-04-20 05:55:02 | INFO | CI | Pipeline executed successfully!
2026-04-20 05:55:02 | INFO | CI | ========================
2026-04-20 05:56:58 | INFO | CI | === RUN START ===
2026-04-20 05:56:58 | INFO | CI | project=Module 6: EVTAL PIPELINE - WEB DOCUMENTS (HTML)
2026-04-20 05:56:58 | INFO | CI | repo_dir=nlp-06-nlp-pipeline
2026-04-20 05:56:58 | INFO | CI | python=3.14.2
2026-04-20 05:56:58 | INFO | CI | os=Windows 11
2026-04-20 05:56:58 | INFO | CI | shell=powershell
2026-04-20 05:56:58 | INFO | CI | cwd=.
2026-04-20 05:56:58 | INFO | CI | github_actions=False
2026-04-20 05:56:58 | INFO | CI | START PIPELINE
2026-04-20 05:56:58 | INFO | CI | ROOT_PATH = .
2026-04-20 05:56:58 | INFO | CI | DATA_PATH = data
2026-04-20 05:56:58 | INFO | CI | RAW_PATH = data\raw
2026-04-20 05:56:58 | INFO | CI | PROCESSED_PATH = data\processed
2026-04-20 05:56:58 | INFO | CI | ========================
2026-04-20 05:56:58 | INFO | CI | STAGE 01: EXTRACT starting... 
2026-04-20 05:56:58 | INFO | CI | ========================
2026-04-20 05:56:58 | INFO | CI | EXTRACT: Fetching HTML from https://arxiv.org/pdf/1706.03762
2026-04-20 05:56:59 | INFO | CI | SOURCE URL = https://arxiv.org/pdf/1706.03762
2026-04-20 05:56:59 | INFO | CI | SINK PATH = data\raw\reed_raw.txt
2026-04-20 05:56:59 | INFO | CI | Returned headings: ['Abstract', '2 Background', '3 Model Architecture', '3.1 Encoder and Decoder Stacks', '3.2 Attention', '3.3 Position-wise Feed-Forward Networks', '3.4 Embeddings and Softmax', '3.5 Positional Encoding', '4 Why Self-Attention', '5 Training', '5.1 Training Data and Batching', '2014 English-French dataset consisting of 36M sentences and split tokens into a 32000 word-piece', '5.2 Hardware and Schedule', '5.3 Optimizer', '5.4 Regularization', '6 Results', '6.1 Machine Translation', '6.2 Model Variations', '6.3 English Constituency Parsing', '7 Conclusion', 'References']
2026-04-20 05:56:59 | INFO | CI | VALIDATE: HTML structure is valid.
2026-04-20 05:57:02 | INFO | CI | ========================
2026-04-20 05:57:02 | INFO | CI | Pipeline executed successfully!
2026-04-20 05:57:02 | INFO | CI | ========================
2026-04-20 06:13:01 | INFO | CI | === RUN START ===
2026-04-20 06:13:01 | INFO | CI | project=Module 6: EVTAL PIPELINE - WEB DOCUMENTS (HTML)
2026-04-20 06:13:01 | INFO | CI | repo_dir=nlp-06-nlp-pipeline
2026-04-20 06:13:01 | INFO | CI | python=3.14.2
2026-04-20 06:13:01 | INFO | CI | os=Windows 11
2026-04-20 06:13:01 | INFO | CI | shell=powershell
2026-04-20 06:13:01 | INFO | CI | cwd=.
2026-04-20 06:13:01 | INFO | CI | github_actions=False
2026-04-20 06:13:01 | INFO | CI | START PIPELINE
2026-04-20 06:13:01 | INFO | CI | ROOT_PATH = .
2026-04-20 06:13:01 | INFO | CI | DATA_PATH = data
2026-04-20 06:13:01 | INFO | CI | RAW_PATH = data\raw
2026-04-20 06:13:01 | INFO | CI | PROCESSED_PATH = data\processed
2026-04-20 06:13:01 | INFO | CI | ========================
2026-04-20 06:13:01 | INFO | CI | STAGE 01: EXTRACT starting... 
2026-04-20 06:13:01 | INFO | CI | ========================
2026-04-20 06:13:01 | INFO | CI | EXTRACT: Fetching HTML from https://arxiv.org/pdf/1706.03762
2026-04-20 06:13:03 | INFO | CI | SOURCE URL = https://arxiv.org/pdf/1706.03762
2026-04-20 06:13:03 | INFO | CI | SINK PATH = data\raw\reed_raw.txt
2026-04-20 06:13:03 | INFO | CI | Returned headings: ['Abstract', '2 Background', '3 Model Architecture', '3.1 Encoder and Decoder Stacks', '3.2 Attention', '3.3 Position-wise Feed-Forward Networks', '3.4 Embeddings and Softmax', '3.5 Positional Encoding', '4 Why Self-Attention', '5 Training', '5.1 Training Data and Batching', '2014 English-French dataset consisting of 36M sentences and split tokens into a 32000 word-piece', '5.2 Hardware and Schedule', '5.3 Optimizer', '5.4 Regularization', '6 Results', '6.1 Machine Translation', '6.2 Model Variations', '6.3 English Constituency Parsing', '7 Conclusion', 'References']
2026-04-20 06:13:03 | INFO | CI | VALIDATE: HTML structure is valid.
2026-04-20 06:21:57 | INFO | CI | === RUN START ===
2026-04-20 06:21:57 | INFO | CI | project=Module 6: EVTAL PIPELINE - WEB DOCUMENTS (HTML)
2026-04-20 06:21:57 | INFO | CI | repo_dir=nlp-06-nlp-pipeline
2026-04-20 06:21:57 | INFO | CI | python=3.14.2
2026-04-20 06:21:57 | INFO | CI | os=Windows 11
2026-04-20 06:21:57 | INFO | CI | shell=powershell
2026-04-20 06:21:57 | INFO | CI | cwd=.
2026-04-20 06:21:57 | INFO | CI | github_actions=False
2026-04-20 06:21:57 | INFO | CI | START PIPELINE
2026-04-20 06:21:57 | INFO | CI | ROOT_PATH = .
2026-04-20 06:21:57 | INFO | CI | DATA_PATH = data
2026-04-20 06:21:57 | INFO | CI | RAW_PATH = data\raw
2026-04-20 06:21:57 | INFO | CI | PROCESSED_PATH = data\processed
2026-04-20 06:21:57 | INFO | CI | ========================
2026-04-20 06:21:57 | INFO | CI | STAGE 01: EXTRACT starting... 
2026-04-20 06:21:57 | INFO | CI | ========================
2026-04-20 06:21:57 | INFO | CI | EXTRACT: Fetching HTML from https://arxiv.org/pdf/1706.03762
2026-04-20 06:21:58 | INFO | CI | SOURCE URL = https://arxiv.org/pdf/1706.03762
2026-04-20 06:21:58 | INFO | CI | SINK PATH = data\raw\reed_raw.txt
2026-04-20 06:21:58 | INFO | CI | Returned headings: ['Abstract', '2 Background', '3 Model Architecture', '3.1 Encoder and Decoder Stacks', '3.2 Attention', '3.3 Position-wise Feed-Forward Networks', '3.4 Embeddings and Softmax', '3.5 Positional Encoding', '4 Why Self-Attention', '5 Training', '5.1 Training Data and Batching', '2014 English-French dataset consisting of 36M sentences and split tokens into a 32000 word-piece', '5.2 Hardware and Schedule', '5.3 Optimizer', '5.4 Regularization', '6 Results', '6.1 Machine Translation', '6.2 Model Variations', '6.3 English Constituency Parsing', '7 Conclusion', 'References']
2026-04-20 06:21:58 | INFO | CI | VALIDATE: HTML structure is valid.
2026-04-20 06:24:31 | INFO | CI | === RUN START ===
2026-04-20 06:24:31 | INFO | CI | project=Module 6: EVTAL PIPELINE - WEB DOCUMENTS (HTML)
2026-04-20 06:24:31 | INFO | CI | repo_dir=nlp-06-nlp-pipeline
2026-04-20 06:24:31 | INFO | CI | python=3.14.2
2026-04-20 06:24:31 | INFO | CI | os=Windows 11
2026-04-20 06:24:31 | INFO | CI | shell=powershell
2026-04-20 06:24:31 | INFO | CI | cwd=.
2026-04-20 06:24:31 | INFO | CI | github_actions=False
2026-04-20 06:24:31 | INFO | CI | START PIPELINE
2026-04-20 06:24:31 | INFO | CI | ROOT_PATH = .
2026-04-20 06:24:31 | INFO | CI | DATA_PATH = data
2026-04-20 06:24:31 | INFO | CI | RAW_PATH = data\raw
2026-04-20 06:24:31 | INFO | CI | PROCESSED_PATH = data\processed
2026-04-20 06:24:31 | INFO | CI | ========================
2026-04-20 06:24:31 | INFO | CI | STAGE 01: EXTRACT starting... 
2026-04-20 06:24:31 | INFO | CI | ========================
2026-04-20 06:24:31 | INFO | CI | EXTRACT: Fetching HTML from https://arxiv.org/pdf/1706.03762
2026-04-20 06:24:32 | INFO | CI | SOURCE URL = https://arxiv.org/pdf/1706.03762
2026-04-20 06:24:32 | INFO | CI | SINK PATH = data\raw\reed_raw.txt
2026-04-20 06:24:32 | INFO | CI | Returned headings: ['Abstract', '2 Background', '3 Model Architecture', '3.1 Encoder and Decoder Stacks', '3.2 Attention', '3.3 Position-wise Feed-Forward Networks', '3.4 Embeddings and Softmax', '3.5 Positional Encoding', '4 Why Self-Attention', '5 Training', '5.1 Training Data and Batching', '2014 English-French dataset consisting of 36M sentences and split tokens into a 32000 word-piece', '5.2 Hardware and Schedule', '5.3 Optimizer', '5.4 Regularization', '6 Results', '6.1 Machine Translation', '6.2 Model Variations', '6.3 English Constituency Parsing', '7 Conclusion', 'References']
2026-04-20 06:24:32 | INFO | CI | VALIDATE: HTML structure is valid.
2026-04-20 06:24:32 | INFO | CI | ========================
2026-04-20 06:24:32 | INFO | CI | Pipeline executed successfully!
2026-04-20 06:24:32 | INFO | CI | ========================
2026-04-20 06:47:29 | INFO | CI | === RUN START ===
2026-04-20 06:47:29 | INFO | CI | project=Module 6: EVTAL PIPELINE - WEB DOCUMENTS (HTML)
2026-04-20 06:47:29 | INFO | CI | repo_dir=nlp-06-nlp-pipeline
2026-04-20 06:47:29 | INFO | CI | python=3.14.2
2026-04-20 06:47:29 | INFO | CI | os=Windows 11
2026-04-20 06:47:29 | INFO | CI | shell=powershell
2026-04-20 06:47:29 | INFO | CI | cwd=.
2026-04-20 06:47:29 | INFO | CI | github_actions=False
2026-04-20 06:47:29 | INFO | CI | START PIPELINE
2026-04-20 06:47:29 | INFO | CI | ROOT_PATH = .
2026-04-20 06:47:29 | INFO | CI | DATA_PATH = data
2026-04-20 06:47:29 | INFO | CI | RAW_PATH = data\raw
2026-04-20 06:47:29 | INFO | CI | PROCESSED_PATH = data\processed
2026-04-20 06:47:29 | INFO | CI | ========================
2026-04-20 06:47:29 | INFO | CI | STAGE 01: EXTRACT starting... 
2026-04-20 06:47:29 | INFO | CI | ========================
2026-04-20 06:47:29 | INFO | CI | EXTRACT: Fetching HTML from https://arxiv.org/pdf/1706.03762
2026-04-20 06:47:30 | INFO | CI | SOURCE URL = https://arxiv.org/pdf/1706.03762
2026-04-20 06:47:30 | INFO | CI | SINK PATH = data\raw\reed_raw.txt
2026-04-20 06:47:30 | INFO | CI | Returned headings: ['Abstract', '2 Background', '3 Model Architecture', '3.1 Encoder and Decoder Stacks', '3.2 Attention', '3.3 Position-wise Feed-Forward Networks', '3.4 Embeddings and Softmax', '3.5 Positional Encoding', '4 Why Self-Attention', '5 Training', '5.1 Training Data and Batching', '2014 English-French dataset consisting of 36M sentences and split tokens into a 32000 word-piece', '5.2 Hardware and Schedule', '5.3 Optimizer', '5.4 Regularization', '6 Results', '6.1 Machine Translation', '6.2 Model Variations', '6.3 English Constituency Parsing', '7 Conclusion', 'References']
2026-04-20 06:47:30 | INFO | CI | VALIDATE: HTML structure is valid.
2026-04-20 06:47:31 | INFO | CI | ========================
2026-04-20 06:47:31 | INFO | CI | Pipeline executed successfully!
2026-04-20 06:47:31 | INFO | CI | ========================
2026-04-20 06:59:41 | INFO | CI | === RUN START ===
2026-04-20 06:59:41 | INFO | CI | project=Module 6: EVTAL PIPELINE - WEB DOCUMENTS (HTML)
2026-04-20 06:59:41 | INFO | CI | repo_dir=nlp-06-nlp-pipeline
2026-04-20 06:59:41 | INFO | CI | python=3.14.2
2026-04-20 06:59:41 | INFO | CI | os=Windows 11
2026-04-20 06:59:41 | INFO | CI | shell=powershell
2026-04-20 06:59:41 | INFO | CI | cwd=.
2026-04-20 06:59:41 | INFO | CI | github_actions=False
2026-04-20 06:59:41 | INFO | CI | START PIPELINE
2026-04-20 06:59:41 | INFO | CI | ROOT_PATH = .
2026-04-20 06:59:41 | INFO | CI | DATA_PATH = data
2026-04-20 06:59:41 | INFO | CI | RAW_PATH = data\raw
2026-04-20 06:59:41 | INFO | CI | PROCESSED_PATH = data\processed
2026-04-20 06:59:41 | INFO | CI | ========================
2026-04-20 06:59:41 | INFO | CI | STAGE 01: EXTRACT starting... 
2026-04-20 06:59:41 | INFO | CI | ========================
2026-04-20 06:59:41 | INFO | CI | EXTRACT: Fetching HTML from https://arxiv.org/pdf/1706.03762
2026-04-20 06:59:42 | INFO | CI | SOURCE URL = https://arxiv.org/pdf/1706.03762
2026-04-20 06:59:42 | INFO | CI | SINK PATH = data\raw\reed_raw.txt
2026-04-20 06:59:42 | INFO | CI | Returned headings: ['Abstract', '2 Background', '3 Model Architecture', '3.1 Encoder and Decoder Stacks', '3.2 Attention', '3.3 Position-wise Feed-Forward Networks', '3.4 Embeddings and Softmax', '3.5 Positional Encoding', '4 Why Self-Attention', '5 Training', '5.1 Training Data and Batching', '2014 English-French dataset consisting of 36M sentences and split tokens into a 32000 word-piece', '5.2 Hardware and Schedule', '5.3 Optimizer', '5.4 Regularization', '6 Results', '6.1 Machine Translation', '6.2 Model Variations', '6.3 English Constituency Parsing', '7 Conclusion', 'References']
2026-04-20 06:59:42 | INFO | CI | VALIDATE: HTML structure is valid.
2026-04-20 07:01:22 | INFO | CI | === RUN START ===
2026-04-20 07:01:22 | INFO | CI | project=Module 6: EVTAL PIPELINE - WEB DOCUMENTS (HTML)
2026-04-20 07:01:22 | INFO | CI | repo_dir=nlp-06-nlp-pipeline
2026-04-20 07:01:22 | INFO | CI | python=3.14.2
2026-04-20 07:01:22 | INFO | CI | os=Windows 11
2026-04-20 07:01:22 | INFO | CI | shell=powershell
2026-04-20 07:01:22 | INFO | CI | cwd=.
2026-04-20 07:01:22 | INFO | CI | github_actions=False
2026-04-20 07:01:22 | INFO | CI | START PIPELINE
2026-04-20 07:01:22 | INFO | CI | ROOT_PATH = .
2026-04-20 07:01:22 | INFO | CI | DATA_PATH = data
2026-04-20 07:01:22 | INFO | CI | RAW_PATH = data\raw
2026-04-20 07:01:22 | INFO | CI | PROCESSED_PATH = data\processed
2026-04-20 07:01:22 | INFO | CI | ========================
2026-04-20 07:01:22 | INFO | CI | STAGE 01: EXTRACT starting... 
2026-04-20 07:01:22 | INFO | CI | ========================
2026-04-20 07:01:22 | INFO | CI | EXTRACT: Fetching HTML from https://arxiv.org/pdf/1706.03762
2026-04-20 07:01:24 | INFO | CI | SOURCE URL = https://arxiv.org/pdf/1706.03762
2026-04-20 07:01:24 | INFO | CI | SINK PATH = data\raw\reed_raw.txt
2026-04-20 07:01:24 | INFO | CI | Returned headings: ['Abstract', '2 Background', '3 Model Architecture', '3.1 Encoder and Decoder Stacks', '3.2 Attention', '3.3 Position-wise Feed-Forward Networks', '3.4 Embeddings and Softmax', '3.5 Positional Encoding', '4 Why Self-Attention', '5 Training', '5.1 Training Data and Batching', '2014 English-French dataset consisting of 36M sentences and split tokens into a 32000 word-piece', '5.2 Hardware and Schedule', '5.3 Optimizer', '5.4 Regularization', '6 Results', '6.1 Machine Translation', '6.2 Model Variations', '6.3 English Constituency Parsing', '7 Conclusion', 'References']
2026-04-20 07:01:24 | INFO | CI | VALIDATE: HTML structure is valid.
2026-04-20 07:01:25 | INFO | CI | ========================
2026-04-20 07:01:25 | INFO | CI | STAGE 04: ANALYZE starting...
2026-04-20 07:01:25 | INFO | CI | ========================
2026-04-20 07:01:25 | INFO | CI | ========================
2026-04-20 07:01:25 | INFO | CI | PHASE 4.1: Extract tokens and summary statistics
2026-04-20 07:01:25 | INFO | CI | ========================
2026-04-20 07:01:25 | INFO | CI |   Abstract word count (raw):    1
2026-04-20 07:01:25 | INFO | CI |   Token count (clean):          3817
2026-04-20 07:01:25 | INFO | CI |   Unique token count:           1524
2026-04-20 07:01:25 | INFO | CI | ========================
2026-04-20 07:01:25 | INFO | CI | PHASE 4.2: Top 20 token frequency - bar chart
2026-04-20 07:01:25 | INFO | CI | ========================
2026-04-20 07:01:25 | INFO | CI |   Saved bar chart to data\processed\reed_top_tokens.png
2026-04-20 07:01:25 | INFO | CI | ========================
2026-04-20 07:01:25 | INFO | CI | PHASE 4.3: Word cloud
2026-04-20 07:01:25 | INFO | CI | ========================
2026-04-20 07:01:26 | INFO | CI |   Saved word cloud to data\processed\reed_wordcloud.png
2026-04-20 07:01:26 | INFO | CI | ========================
2026-04-20 07:01:26 | INFO | CI | PHASE 4.4: Top token summary (inline)
2026-04-20 07:01:26 | INFO | CI | ========================
2026-04-20 07:01:26 | INFO | CI |   Top 20 tokens by frequency:
2026-04-20 07:01:26 | INFO | CI |       1. attention                      61
2026-04-20 07:01:26 | INFO | CI |       2. model                          44
2026-04-20 07:01:26 | INFO | CI |       3. models                         35
2026-04-20 07:01:26 | INFO | CI |       4. sequence                       34
2026-04-20 07:01:26 | INFO | CI |       5. transformer                    28
2026-04-20 07:01:26 | INFO | CI |       6. output                         28
2026-04-20 07:01:26 | INFO | CI |       7. neural                         27
2026-04-20 07:01:26 | INFO | CI |       8. layer                          27
2026-04-20 07:01:26 | INFO | CI |       9. ·                              27
2026-04-20 07:01:26 | INFO | CI |      10. selfattention                  25
2026-04-20 07:01:26 | INFO | CI |      11. training                       24
2026-04-20 07:01:26 | INFO | CI |      12. input                          24
2026-04-20 07:01:26 | INFO | CI |      13. translation                    23
2026-04-20 07:01:26 | INFO | CI |      14. layers                         23
2026-04-20 07:01:26 | INFO | CI |      15. encoder                        21
2026-04-20 07:01:26 | INFO | CI |      16. positions                      21
2026-04-20 07:01:26 | INFO | CI |      17. recurrent                      20
2026-04-20 07:01:26 | INFO | CI |      18. decoder                        20
2026-04-20 07:01:26 | INFO | CI |      19. pad                            20
2026-04-20 07:01:26 | INFO | CI |      20. values                         18
2026-04-20 07:01:26 | INFO | CI | Sink: visualizations saved to data/processed/
2026-04-20 07:01:26 | INFO | CI | Analysis complete.
2026-04-20 07:01:26 | INFO | CI | ========================
2026-04-20 07:01:26 | INFO | CI | Pipeline executed successfully!
2026-04-20 07:01:26 | INFO | CI | ========================
2026-04-20 07:22:54 | INFO | CI | === RUN START ===
2026-04-20 07:22:54 | INFO | CI | project=Module 6: EVTAL PIPELINE - WEB DOCUMENTS (HTML)
2026-04-20 07:22:54 | INFO | CI | repo_dir=nlp-06-nlp-pipeline
2026-04-20 07:22:54 | INFO | CI | python=3.14.2
2026-04-20 07:22:54 | INFO | CI | os=Windows 11
2026-04-20 07:22:54 | INFO | CI | shell=powershell
2026-04-20 07:22:54 | INFO | CI | cwd=.
2026-04-20 07:22:54 | INFO | CI | github_actions=False
2026-04-20 07:22:54 | INFO | CI | START PIPELINE
2026-04-20 07:22:54 | INFO | CI | ROOT_PATH = .
2026-04-20 07:22:54 | INFO | CI | DATA_PATH = data
2026-04-20 07:22:54 | INFO | CI | RAW_PATH = data\raw
2026-04-20 07:22:54 | INFO | CI | PROCESSED_PATH = data\processed
2026-04-20 07:22:54 | INFO | CI | ========================
2026-04-20 07:22:54 | INFO | CI | STAGE 01: EXTRACT starting... 
2026-04-20 07:22:54 | INFO | CI | ========================
2026-04-20 07:22:54 | INFO | CI | EXTRACT: Fetching HTML from https://arxiv.org/pdf/1706.03762
2026-04-20 07:22:55 | INFO | CI | SOURCE URL = https://arxiv.org/pdf/1706.03762
2026-04-20 07:22:55 | INFO | CI | SINK PATH = data\raw\reed_raw.txt
2026-04-20 07:22:55 | INFO | CI | Returned headings: ['Abstract', '2 Background', '3 Model Architecture', '3.1 Encoder and Decoder Stacks', '3.2 Attention', '3.3 Position-wise Feed-Forward Networks', '3.4 Embeddings and Softmax', '3.5 Positional Encoding', '4 Why Self-Attention', '5 Training', '5.1 Training Data and Batching', '2014 English-French dataset consisting of 36M sentences and split tokens into a 32000 word-piece', '5.2 Hardware and Schedule', '5.3 Optimizer', '5.4 Regularization', '6 Results', '6.1 Machine Translation', '6.2 Model Variations', '6.3 English Constituency Parsing', '7 Conclusion', 'References']
2026-04-20 07:22:55 | INFO | CI | VALIDATE: HTML structure is valid.
2026-04-20 07:22:56 | INFO | CI | ========================
2026-04-20 07:22:56 | INFO | CI | STAGE 04: ANALYZE starting...
2026-04-20 07:22:56 | INFO | CI | ========================
2026-04-20 07:22:56 | INFO | CI | ========================
2026-04-20 07:22:56 | INFO | CI | PHASE 4.1: Extract tokens and summary statistics
2026-04-20 07:22:56 | INFO | CI | ========================
2026-04-20 07:22:56 | INFO | CI |   Abstract word count (raw):    1
2026-04-20 07:22:56 | INFO | CI |   Token count (clean):          3817
2026-04-20 07:22:56 | INFO | CI |   Unique token count:           1524
2026-04-20 07:22:56 | INFO | CI | ========================
2026-04-20 07:22:56 | INFO | CI | PHASE 4.2: Top 20 token frequency - bar chart
2026-04-20 07:22:56 | INFO | CI | ========================
2026-04-20 07:22:57 | INFO | CI |   Saved bar chart to data\processed\reed_top_tokens.png
2026-04-20 07:22:57 | INFO | CI | ========================
2026-04-20 07:22:57 | INFO | CI | PHASE 4.3: Word cloud
2026-04-20 07:22:57 | INFO | CI | ========================
2026-04-20 07:22:57 | INFO | CI |   Saved word cloud to data\processed\reed_wordcloud.png
2026-04-20 07:22:57 | INFO | CI | ========================
2026-04-20 07:22:57 | INFO | CI | PHASE 4.4: Top token summary (inline)
2026-04-20 07:22:57 | INFO | CI | ========================
2026-04-20 07:22:57 | INFO | CI |   Top 20 tokens by frequency:
2026-04-20 07:22:57 | INFO | CI |       1. attention                      61
2026-04-20 07:22:57 | INFO | CI |       2. model                          44
2026-04-20 07:22:57 | INFO | CI |       3. models                         35
2026-04-20 07:22:57 | INFO | CI |       4. sequence                       34
2026-04-20 07:22:57 | INFO | CI |       5. transformer                    28
2026-04-20 07:22:57 | INFO | CI |       6. output                         28
2026-04-20 07:22:57 | INFO | CI |       7. neural                         27
2026-04-20 07:22:57 | INFO | CI |       8. layer                          27
2026-04-20 07:22:57 | INFO | CI |       9. ·                              27
2026-04-20 07:22:57 | INFO | CI |      10. selfattention                  25
2026-04-20 07:22:57 | INFO | CI |      11. training                       24
2026-04-20 07:22:57 | INFO | CI |      12. input                          24
2026-04-20 07:22:57 | INFO | CI |      13. translation                    23
2026-04-20 07:22:57 | INFO | CI |      14. layers                         23
2026-04-20 07:22:57 | INFO | CI |      15. encoder                        21
2026-04-20 07:22:57 | INFO | CI |      16. positions                      21
2026-04-20 07:22:57 | INFO | CI |      17. recurrent                      20
2026-04-20 07:22:57 | INFO | CI |      18. decoder                        20
2026-04-20 07:22:57 | INFO | CI |      19. pad                            20
2026-04-20 07:22:57 | INFO | CI |      20. values                         18
2026-04-20 07:22:57 | INFO | CI | Sink: visualizations saved to data/processed/
2026-04-20 07:22:57 | INFO | CI | Analysis complete.
2026-04-20 07:22:57 | INFO | CI | ========================
2026-04-20 07:22:57 | INFO | CI | STAGE 04: LOAD starting...
2026-04-20 07:22:57 | INFO | CI | ========================
2026-04-20 07:22:57 | INFO | CI | SINK PATH = data\processed\reed_processed.csv
2026-04-20 07:22:57 | INFO | CI | ========================
2026-04-20 07:22:57 | INFO | CI | Pipeline executed successfully!
2026-04-20 07:22:57 | INFO | CI | ========================
